=== Enhanced Syntax Fix Results ===

Files with errors: 109

Processing: C:\Users\jpowe\CascadeProjects\github\knowledge-base\docs\self_building_ai.md
  - Block: 6, Error: invalid decimal literal
  ✓ Fixed
Processing: C:\Users\jpowe\CascadeProjects\github\knowledge-base\docs\self_building_ai_functions.md
  - Block: 1, Error: invalid syntax
  ✓ Fixed
Processing: C:\Users\jpowe\CascadeProjects\github\knowledge-base\docs\virtual_assistant_cross_platform.md
  - Block: 1, Error: invalid syntax
  ✓ Fixed
Processing: C:\Users\jpowe\CascadeProjects\github\knowledge-base\docs\advanced_modules\neuromorphic_computing.md
  - Block: 1, Error: invalid syntax
  ✓ Fixed
Processing: C:\Users\jpowe\CascadeProjects\github\knowledge-base\docs\ai\advanced_emotional_ai.md
  - Block: 5, Error: unterminated string literal (detected at line 17)
  ✗ Could not fix
Processing: C:\Users\jpowe\CascadeProjects\github\knowledge-base\docs\ai\advanced_emotional_ai.md
  - Block: 7, Error: invalid syntax
  ✓ Fixed
Processing: C:\Users\jpowe\CascadeProjects\github\knowledge-base\docs\ai\parallel_processing.md
  - Block: 2, Error: invalid syntax
  ✓ Fixed
Processing: C:\Users\jpowe\CascadeProjects\github\knowledge-base\docs\ai\system_improvement_strategies.md
  - Block: 2, Error: invalid syntax
  ✓ Fixed
Processing: C:\Users\jpowe\CascadeProjects\github\knowledge-base\docs\blockchain\token_factory.md
  - Block: 1, Error: invalid syntax
  ✓ Fixed
Processing: C:\Users\jpowe\CascadeProjects\github\knowledge-base\docs\cad_manufacturing\freecad_automation.md
  - Block: 10, Error: invalid syntax
  ✓ Fixed
Processing: C:\Users\jpowe\CascadeProjects\github\knowledge-base\docs\cad_manufacturing\materials_database.md
  - Block: 1, Error: invalid syntax
  ✓ Fixed
Processing: C:\Users\jpowe\CascadeProjects\github\knowledge-base\docs\cad_manufacturing\physics_simulation.md
  - Block: 1, Error: invalid syntax
  ✓ Fixed
Processing: C:\Users\jpowe\CascadeProjects\github\knowledge-base\docs\concepts\experiential_learning_emotional_memory_module.md
  - Block: 1, Error: invalid syntax
  ✓ Fixed
Processing: C:\Users\jpowe\CascadeProjects\github\knowledge-base\docs\concepts\non_violence_and_peaceful_resolution_module.md
  - Block: 1, Error: invalid syntax
  ✓ Fixed
Processing: C:\Users\jpowe\CascadeProjects\github\knowledge-base\docs\concepts\rife_healing_frequencies_module.md
  - Block: 2, Error: invalid syntax
  ✓ Fixed
Processing: C:\Users\jpowe\CascadeProjects\github\knowledge-base\docs\concepts\species_communication_agriculture_medicine_conservation.md
  - Block: 3, Error: invalid syntax
  ✓ Fixed
Processing: C:\Users\jpowe\CascadeProjects\github\knowledge-base\docs\mobile\README.md
  - Block: 1, Error: invalid syntax
  ✓ Fixed
Processing: C:\Users\jpowe\CascadeProjects\github\knowledge-base\docs\quantum_computing\virtual_quantum_computer.md
  - Block: 1, Error: unterminated string literal (detected at line 16)
  ✗ Could not fix
Processing: C:\Users\jpowe\CascadeProjects\github\knowledge-base\docs\security\advanced_analysis.md
  - Block: 2, Error: invalid syntax
  ✓ Fixed
Processing: C:\Users\jpowe\CascadeProjects\github\knowledge-base\docs\security\quantum_resistant_cryptography.md
  - Block: 1, Error: invalid syntax
  ✓ Fixed
Processing: C:\Users\jpowe\CascadeProjects\github\knowledge-base\docs\web\databases\database_overview.md
  - Block: 2, Error: invalid syntax. Perhaps you forgot a comma?
  ✓ Fixed
Processing: C:\Users\jpowe\CascadeProjects\github\knowledge-base\docs\web\php\README.md
  - Block: 2, Error: invalid syntax. Perhaps you forgot a comma?
  ✓ Fixed
Processing: C:\Users\jpowe\CascadeProjects\github\knowledge-base\docs\web\system_design\load_balancer.md
  - Block: 4, Error: invalid syntax
  ✓ Fixed
Processing: C:\Users\jpowe\CascadeProjects\github\knowledge-base\docs\robotics\advanced_system\13_star_sign_calendar.md
  - Block: 1, Error: invalid syntax
  ✓ Fixed
Processing: C:\Users\jpowe\CascadeProjects\github\knowledge-base\docs\robotics\advanced_system\advanced_abilities.md
  - Block: 4, Error: invalid syntax
  ✓ Fixed
Processing: C:\Users\jpowe\CascadeProjects\github\knowledge-base\docs\robotics\advanced_system\ai_ml_integration.md
  - Block: 12, Error: invalid syntax
  ✓ Fixed
Processing: C:\Users\jpowe\CascadeProjects\github\knowledge-base\docs\robotics\advanced_system\blockchain_integration.md
  - Block: 5, Error: invalid syntax
  ✓ Fixed
Processing: C:\Users\jpowe\CascadeProjects\github\knowledge-base\docs\robotics\advanced_system\comprehensive_domain_implementation_and_future_refinements.md
  - Block: 1, Error: invalid syntax
  ✓ Fixed
Processing: C:\Users\jpowe\CascadeProjects\github\knowledge-base\docs\robotics\advanced_system\emotional_intelligence.md
  - Block: 1, Error: invalid syntax
  ✓ Fixed
Processing: C:\Users\jpowe\CascadeProjects\github\knowledge-base\docs\robotics\advanced_system\energy_management.md
  - Block: 1, Error: invalid syntax
  ✓ Fixed
Processing: C:\Users\jpowe\CascadeProjects\github\knowledge-base\docs\robotics\advanced_system\molecular_self_healing.md
  - Block: 1, Error: invalid syntax
  ✓ Fixed
Processing: C:\Users\jpowe\CascadeProjects\github\knowledge-base\docs\robotics\advanced_system\multi_energy_harvesting.md
  - Block: 1, Error: invalid syntax
  ✓ Fixed
Processing: C:\Users\jpowe\CascadeProjects\github\knowledge-base\docs\robotics\advanced_system\quantum_drive_and_thought.md
  - Block: 1, Error: invalid syntax
  ✓ Fixed
Processing: C:\Users\jpowe\CascadeProjects\github\knowledge-base\docs\robotics\advanced_system\quantum_temporal_mapping.md
  - Block: 1, Error: invalid syntax
  ✓ Fixed
Processing: C:\Users\jpowe\CascadeProjects\github\knowledge-base\docs\robotics\advanced_system\sanskrit_style_reorganization.md
  - Block: 3, Error: invalid syntax
  ✓ Fixed
Processing: C:\Users\jpowe\CascadeProjects\github\knowledge-base\docs\robotics\advanced_system\self_awareness.md
  - Block: 1, Error: invalid syntax
  ✓ Fixed
Processing: C:\Users\jpowe\CascadeProjects\github\knowledge-base\docs\robotics\advanced_system\self_healing.md
  - Block: 1, Error: invalid syntax
  ✓ Fixed
Processing: C:\Users\jpowe\CascadeProjects\github\knowledge-base\docs\robotics\advanced_system\universal_data_deciphering_and_conspiracy_analysis.md
  - Block: 1, Error: invalid syntax
  ✓ Fixed
Processing: C:\Users\jpowe\CascadeProjects\github\knowledge-base\docs\robotics\perception\vision_systems.md
  - Block: 1, Error: invalid syntax
  ✓ Fixed
Processing: C:\Users\jpowe\CascadeProjects\github\knowledge-base\docs\robotics\advanced_system\control\README.md
  - Block: 1, Error: invalid syntax
  ✓ Fixed
Processing: C:\Users\jpowe\CascadeProjects\github\knowledge-base\docs\robotics\advanced_system\energy\README.md
  - Block: 2, Error: unterminated string literal (detected at line 18)
  ✗ Could not fix
Processing: C:\Users\jpowe\CascadeProjects\github\knowledge-base\docs\robotics\advanced_system\perception\depth_estimation.md
  - Block: 1, Error: unterminated string literal (detected at line 13)
  ✗ Could not fix
Processing: C:\Users\jpowe\CascadeProjects\github\knowledge-base\docs\robotics\advanced_system\perception\depth_estimation.md
  - Block: 2, Error: unterminated string literal (detected at line 12)
  ✗ Could not fix
Processing: C:\Users\jpowe\CascadeProjects\github\knowledge-base\docs\robotics\advanced_system\perception\depth_estimation.md
  - Block: 3, Error: unterminated string literal (detected at line 14)
  ✗ Could not fix
Processing: C:\Users\jpowe\CascadeProjects\github\knowledge-base\docs\robotics\advanced_system\perception\depth_estimation.md
  - Block: 4, Error: unterminated string literal (detected at line 10)
  ✗ Could not fix
Processing: C:\Users\jpowe\CascadeProjects\github\knowledge-base\docs\robotics\advanced_system\perception\depth_estimation.md
  - Block: 5, Error: unterminated string literal (detected at line 10)
  ✗ Could not fix
Processing: C:\Users\jpowe\CascadeProjects\github\knowledge-base\docs\robotics\advanced_system\perception\README.md
  - Block: 1, Error: invalid syntax
  ✓ Fixed
Processing: C:\Users\jpowe\CascadeProjects\github\knowledge-base\docs\robotics\advanced_system\security\README.md
  - Block: 1, Error: unindent does not match any outer indentation level
  ✗ Could not fix
Processing: C:\Users\jpowe\CascadeProjects\github\knowledge-base\docs\robotics\advanced_system\security\README.md
  - Block: 2, Error: expected ':'
  ✗ Could not fix
Processing: C:\Users\jpowe\CascadeProjects\github\knowledge-base\docs\robotics\advanced_system\software\README.md
  - Block: 4, Error: invalid decimal literal
  ✗ Could not fix
Processing: C:\Users\jpowe\CascadeProjects\github\knowledge-base\docs\robotics\advanced_system\ui_ux\README.md
  - Block: 1, Error: invalid syntax
  ✓ Fixed
Processing: C:\Users\jpowe\CascadeProjects\github\knowledge-base\docs\machine_learning\audio_recognition\audio_recognition_guide.md
  - Block: 3, Error: invalid syntax
  ✓ Fixed
Processing: C:\Users\jpowe\CascadeProjects\github\knowledge-base\docs\machine_learning\multimodal\unified_recognition_guide.md
  - Block: 1, Error: invalid syntax
  ✓ Fixed
Processing: C:\Users\jpowe\CascadeProjects\github\knowledge-base\docs\machine_learning\workflow\evaluate_performance.md
  - Block: 1, Error: invalid syntax
  ✓ Fixed
Processing: C:\Users\jpowe\CascadeProjects\github\knowledge-base\docs\machine_learning\workflow\hyperparameter_tuning.md
  - Block: 1, Error: invalid syntax
  ✓ Fixed
Processing: C:\Users\jpowe\CascadeProjects\github\knowledge-base\docs\machine_learning\workflow\preprocessing.md
  - Block: 1, Error: invalid syntax
  ✓ Fixed
Processing: C:\Users\jpowe\CascadeProjects\github\knowledge-base\docs\deployment\containerization\README.md
  - Block: 2, Error: invalid syntax
  ✓ Fixed
Processing: C:\Users\jpowe\CascadeProjects\github\knowledge-base\docs\ai\applications\narrow_ai_quantum.md
  - Block: 1, Error: invalid syntax
  ✓ Fixed
Processing: C:\Users\jpowe\CascadeProjects\github\knowledge-base\docs\ai\audio\audio_module_api.md
  - Block: 1, Error: invalid syntax
  ✓ Fixed
Processing: C:\Users\jpowe\CascadeProjects\github\knowledge-base\docs\ai\audio\audio_module_examples.md
  - Block: 9, Error: unterminated string literal (detected at line 4)
  ✗ Could not fix
Processing: C:\Users\jpowe\CascadeProjects\github\knowledge-base\docs\ai\emotional_intelligence\EMPATHY_AND_SOCIAL_AWARENESS.md
  - Block: 4, Error: unterminated string literal (detected at line 25)
  ✗ Could not fix
Processing: C:\Users\jpowe\CascadeProjects\github\knowledge-base\docs\ai\emotional_intelligence\EMPATHY_AND_SOCIAL_AWARENESS.md
  - Block: 5, Error: unterminated string literal (detected at line 54)
  ✗ Could not fix
Processing: C:\Users\jpowe\CascadeProjects\github\knowledge-base\docs\ai\emotional_intelligence\EMPATHY_AND_SOCIAL_AWARENESS.md
  - Block: 6, Error: invalid syntax
  ✓ Fixed
Processing: C:\Users\jpowe\CascadeProjects\github\knowledge-base\docs\ai\emotional_intelligence\MEMORY_SYSTEM.md
  - Block: 7, Error: invalid syntax
  ✓ Fixed
Processing: C:\Users\jpowe\CascadeProjects\github\knowledge-base\docs\ai\emotional_intelligence\PYTHON_IMPLEMENTATION.md
  - Block: 1, Error: invalid syntax
  ✓ Fixed
Processing: C:\Users\jpowe\CascadeProjects\github\knowledge-base\docs\ai\emotional_intelligence\SELF_AWARENESS.md
  - Block: 2, Error: unterminated string literal (detected at line 57)
  ✗ Could not fix
Processing: C:\Users\jpowe\CascadeProjects\github\knowledge-base\docs\ai\emotional_intelligence\SELF_AWARENESS.md
  - Block: 4, Error: unterminated string literal (detected at line 6)
  ✗ Could not fix
Processing: C:\Users\jpowe\CascadeProjects\github\knowledge-base\docs\ai\emotional_intelligence\SELF_AWARENESS.md
  - Block: 5, Error: invalid syntax
  ✓ Fixed
Processing: C:\Users\jpowe\CascadeProjects\github\knowledge-base\docs\ai\guides\multilingual_understanding.md
  - Block: 6, Error: unterminated string literal (detected at line 10)
  ✗ Could not fix
Processing: C:\Users\jpowe\CascadeProjects\github\knowledge-base\docs\ai\guides\multimodal_integration.md
  - Block: 2, Error: invalid syntax
  ✓ Fixed
Processing: C:\Users\jpowe\CascadeProjects\github\knowledge-base\docs\ai\multidisciplinary\integration.md
  - Block: 1, Error: invalid syntax
  ✓ Fixed
Processing: C:\Users\jpowe\CascadeProjects\github\knowledge-base\docs\ai\virtual_brain\02_cognitive_functions.md
  - Block: 1, Error: invalid syntax
  ✓ Fixed
Processing: C:\Users\jpowe\CascadeProjects\github\knowledge-base\docs\ai\virtual_brain\03_python_implementation.md
  - Block: 1, Error: invalid syntax
  ✓ Fixed

=== Summary ===
Files with errors: 109
Files fixed: 56
Files with errors: 0
Files skipped: 17
Total code blocks fixed: 56
