2025-07-05 17:47:14 - INFO - ================================================================================
2025-07-05 17:47:14 - INFO - ENHANCED SYNTAX FIXER STARTING
2025-07-05 17:47:14 - INFO - ================================================================================
2025-07-05 17:47:14 - INFO - Starting enhanced syntax fixer on C:\Users\jpowe\CascadeProjects\github\knowledge-base
2025-07-05 17:47:14 - INFO - Dry run mode: OFF
2025-07-05 17:47:14 - INFO - Fixed block 6 in C:\Users\jpowe\CascadeProjects\github\knowledge-base\docs\self_building_ai.md
2025-07-05 17:47:14 - INFO - Fixed block 1 in C:\Users\jpowe\CascadeProjects\github\knowledge-base\docs\self_building_ai_functions.md
2025-07-05 17:47:14 - INFO - Fixed block 1 in C:\Users\jpowe\CascadeProjects\github\knowledge-base\docs\virtual_assistant_cross_platform.md
2025-07-05 17:47:14 - INFO - Fixed block 1 in C:\Users\jpowe\CascadeProjects\github\knowledge-base\docs\advanced_modules\neuromorphic_computing.md
2025-07-05 17:47:14 - INFO - No changes needed for block 5 in C:\Users\jpowe\CascadeProjects\github\knowledge-base\docs\ai\advanced_emotional_ai.md
2025-07-05 17:47:14 - INFO - Fixed block 7 in C:\Users\jpowe\CascadeProjects\github\knowledge-base\docs\ai\advanced_emotional_ai.md
2025-07-05 17:47:14 - INFO - Fixed block 2 in C:\Users\jpowe\CascadeProjects\github\knowledge-base\docs\ai\parallel_processing.md
2025-07-05 17:47:14 - INFO - Fixed block 2 in C:\Users\jpowe\CascadeProjects\github\knowledge-base\docs\ai\system_improvement_strategies.md
2025-07-05 17:47:14 - INFO - Fixed block 1 in C:\Users\jpowe\CascadeProjects\github\knowledge-base\docs\blockchain\token_factory.md
2025-07-05 17:47:14 - INFO - Fixed block 10 in C:\Users\jpowe\CascadeProjects\github\knowledge-base\docs\cad_manufacturing\freecad_automation.md
2025-07-05 17:47:14 - INFO - Fixed block 1 in C:\Users\jpowe\CascadeProjects\github\knowledge-base\docs\cad_manufacturing\materials_database.md
2025-07-05 17:47:14 - INFO - Fixed block 1 in C:\Users\jpowe\CascadeProjects\github\knowledge-base\docs\cad_manufacturing\physics_simulation.md
2025-07-05 17:47:14 - INFO - Fixed block 1 in C:\Users\jpowe\CascadeProjects\github\knowledge-base\docs\concepts\experiential_learning_emotional_memory_module.md
2025-07-05 17:47:14 - INFO - Fixed block 1 in C:\Users\jpowe\CascadeProjects\github\knowledge-base\docs\concepts\non_violence_and_peaceful_resolution_module.md
2025-07-05 17:47:14 - INFO - Fixed block 2 in C:\Users\jpowe\CascadeProjects\github\knowledge-base\docs\concepts\rife_healing_frequencies_module.md
2025-07-05 17:47:14 - INFO - Fixed block 3 in C:\Users\jpowe\CascadeProjects\github\knowledge-base\docs\concepts\species_communication_agriculture_medicine_conservation.md
2025-07-05 17:47:14 - INFO - Fixed block 1 in C:\Users\jpowe\CascadeProjects\github\knowledge-base\docs\mobile\README.md
2025-07-05 17:47:14 - INFO - No changes needed for block 1 in C:\Users\jpowe\CascadeProjects\github\knowledge-base\docs\quantum_computing\virtual_quantum_computer.md
2025-07-05 17:47:14 - INFO - Fixed block 2 in C:\Users\jpowe\CascadeProjects\github\knowledge-base\docs\security\advanced_analysis.md
2025-07-05 17:47:14 - INFO - Fixed block 1 in C:\Users\jpowe\CascadeProjects\github\knowledge-base\docs\security\quantum_resistant_cryptography.md
2025-07-05 17:47:14 - INFO - Fixed block 2 in C:\Users\jpowe\CascadeProjects\github\knowledge-base\docs\web\databases\database_overview.md
2025-07-05 17:47:14 - INFO - Fixed block 2 in C:\Users\jpowe\CascadeProjects\github\knowledge-base\docs\web\php\README.md
2025-07-05 17:47:14 - INFO - Fixed block 4 in C:\Users\jpowe\CascadeProjects\github\knowledge-base\docs\web\system_design\load_balancer.md
2025-07-05 17:47:14 - INFO - Fixed block 1 in C:\Users\jpowe\CascadeProjects\github\knowledge-base\docs\robotics\advanced_system\13_star_sign_calendar.md
2025-07-05 17:47:14 - INFO - Fixed block 4 in C:\Users\jpowe\CascadeProjects\github\knowledge-base\docs\robotics\advanced_system\advanced_abilities.md
2025-07-05 17:47:14 - INFO - Fixed block 12 in C:\Users\jpowe\CascadeProjects\github\knowledge-base\docs\robotics\advanced_system\ai_ml_integration.md
2025-07-05 17:47:14 - INFO - Fixed block 5 in C:\Users\jpowe\CascadeProjects\github\knowledge-base\docs\robotics\advanced_system\blockchain_integration.md
2025-07-05 17:47:14 - INFO - Fixed block 1 in C:\Users\jpowe\CascadeProjects\github\knowledge-base\docs\robotics\advanced_system\comprehensive_domain_implementation_and_future_refinements.md
2025-07-05 17:47:14 - INFO - Fixed block 1 in C:\Users\jpowe\CascadeProjects\github\knowledge-base\docs\robotics\advanced_system\emotional_intelligence.md
2025-07-05 17:47:14 - INFO - Fixed block 1 in C:\Users\jpowe\CascadeProjects\github\knowledge-base\docs\robotics\advanced_system\energy_management.md
2025-07-05 17:47:14 - INFO - Fixed block 1 in C:\Users\jpowe\CascadeProjects\github\knowledge-base\docs\robotics\advanced_system\molecular_self_healing.md
2025-07-05 17:47:14 - INFO - Fixed block 1 in C:\Users\jpowe\CascadeProjects\github\knowledge-base\docs\robotics\advanced_system\multi_energy_harvesting.md
2025-07-05 17:47:14 - INFO - Fixed block 1 in C:\Users\jpowe\CascadeProjects\github\knowledge-base\docs\robotics\advanced_system\quantum_drive_and_thought.md
2025-07-05 17:47:14 - INFO - Fixed block 1 in C:\Users\jpowe\CascadeProjects\github\knowledge-base\docs\robotics\advanced_system\quantum_temporal_mapping.md
2025-07-05 17:47:14 - INFO - Fixed block 3 in C:\Users\jpowe\CascadeProjects\github\knowledge-base\docs\robotics\advanced_system\sanskrit_style_reorganization.md
2025-07-05 17:47:14 - INFO - Fixed block 1 in C:\Users\jpowe\CascadeProjects\github\knowledge-base\docs\robotics\advanced_system\self_awareness.md
2025-07-05 17:47:14 - INFO - Fixed block 1 in C:\Users\jpowe\CascadeProjects\github\knowledge-base\docs\robotics\advanced_system\self_healing.md
2025-07-05 17:47:14 - INFO - Fixed block 1 in C:\Users\jpowe\CascadeProjects\github\knowledge-base\docs\robotics\advanced_system\universal_data_deciphering_and_conspiracy_analysis.md
2025-07-05 17:47:14 - INFO - Fixed block 1 in C:\Users\jpowe\CascadeProjects\github\knowledge-base\docs\robotics\perception\vision_systems.md
2025-07-05 17:47:14 - INFO - Fixed block 1 in C:\Users\jpowe\CascadeProjects\github\knowledge-base\docs\robotics\advanced_system\control\README.md
2025-07-05 17:47:14 - INFO - No changes needed for block 2 in C:\Users\jpowe\CascadeProjects\github\knowledge-base\docs\robotics\advanced_system\energy\README.md
2025-07-05 17:47:14 - INFO - No changes needed for block 1 in C:\Users\jpowe\CascadeProjects\github\knowledge-base\docs\robotics\advanced_system\perception\depth_estimation.md
2025-07-05 17:47:14 - INFO - No changes needed for block 2 in C:\Users\jpowe\CascadeProjects\github\knowledge-base\docs\robotics\advanced_system\perception\depth_estimation.md
2025-07-05 17:47:14 - INFO - No changes needed for block 3 in C:\Users\jpowe\CascadeProjects\github\knowledge-base\docs\robotics\advanced_system\perception\depth_estimation.md
2025-07-05 17:47:14 - INFO - No changes needed for block 4 in C:\Users\jpowe\CascadeProjects\github\knowledge-base\docs\robotics\advanced_system\perception\depth_estimation.md
2025-07-05 17:47:14 - INFO - No changes needed for block 5 in C:\Users\jpowe\CascadeProjects\github\knowledge-base\docs\robotics\advanced_system\perception\depth_estimation.md
2025-07-05 17:47:14 - INFO - Fixed block 1 in C:\Users\jpowe\CascadeProjects\github\knowledge-base\docs\robotics\advanced_system\perception\README.md
2025-07-05 17:47:14 - INFO - No changes needed for block 1 in C:\Users\jpowe\CascadeProjects\github\knowledge-base\docs\robotics\advanced_system\security\README.md
2025-07-05 17:47:14 - INFO - No changes needed for block 2 in C:\Users\jpowe\CascadeProjects\github\knowledge-base\docs\robotics\advanced_system\security\README.md
2025-07-05 17:47:14 - INFO - No changes needed for block 4 in C:\Users\jpowe\CascadeProjects\github\knowledge-base\docs\robotics\advanced_system\software\README.md
2025-07-05 17:47:14 - INFO - Fixed block 1 in C:\Users\jpowe\CascadeProjects\github\knowledge-base\docs\robotics\advanced_system\ui_ux\README.md
2025-07-05 17:47:14 - INFO - Fixed block 3 in C:\Users\jpowe\CascadeProjects\github\knowledge-base\docs\machine_learning\audio_recognition\audio_recognition_guide.md
2025-07-05 17:47:14 - INFO - Fixed block 1 in C:\Users\jpowe\CascadeProjects\github\knowledge-base\docs\machine_learning\multimodal\unified_recognition_guide.md
2025-07-05 17:47:14 - INFO - Fixed block 1 in C:\Users\jpowe\CascadeProjects\github\knowledge-base\docs\machine_learning\workflow\evaluate_performance.md
2025-07-05 17:47:14 - INFO - Fixed block 1 in C:\Users\jpowe\CascadeProjects\github\knowledge-base\docs\machine_learning\workflow\hyperparameter_tuning.md
2025-07-05 17:47:14 - INFO - Fixed block 1 in C:\Users\jpowe\CascadeProjects\github\knowledge-base\docs\machine_learning\workflow\preprocessing.md
2025-07-05 17:47:14 - INFO - Fixed block 2 in C:\Users\jpowe\CascadeProjects\github\knowledge-base\docs\deployment\containerization\README.md
2025-07-05 17:47:14 - INFO - Fixed block 1 in C:\Users\jpowe\CascadeProjects\github\knowledge-base\docs\ai\applications\narrow_ai_quantum.md
2025-07-05 17:47:14 - INFO - Fixed block 1 in C:\Users\jpowe\CascadeProjects\github\knowledge-base\docs\ai\audio\audio_module_api.md
2025-07-05 17:47:14 - INFO - No changes needed for block 9 in C:\Users\jpowe\CascadeProjects\github\knowledge-base\docs\ai\audio\audio_module_examples.md
2025-07-05 17:47:14 - INFO - No changes needed for block 4 in C:\Users\jpowe\CascadeProjects\github\knowledge-base\docs\ai\emotional_intelligence\EMPATHY_AND_SOCIAL_AWARENESS.md
2025-07-05 17:47:14 - INFO - No changes needed for block 5 in C:\Users\jpowe\CascadeProjects\github\knowledge-base\docs\ai\emotional_intelligence\EMPATHY_AND_SOCIAL_AWARENESS.md
2025-07-05 17:47:14 - INFO - Fixed block 6 in C:\Users\jpowe\CascadeProjects\github\knowledge-base\docs\ai\emotional_intelligence\EMPATHY_AND_SOCIAL_AWARENESS.md
2025-07-05 17:47:14 - INFO - Fixed block 7 in C:\Users\jpowe\CascadeProjects\github\knowledge-base\docs\ai\emotional_intelligence\MEMORY_SYSTEM.md
2025-07-05 17:47:14 - INFO - Fixed block 1 in C:\Users\jpowe\CascadeProjects\github\knowledge-base\docs\ai\emotional_intelligence\PYTHON_IMPLEMENTATION.md
2025-07-05 17:47:14 - INFO - No changes needed for block 2 in C:\Users\jpowe\CascadeProjects\github\knowledge-base\docs\ai\emotional_intelligence\SELF_AWARENESS.md
2025-07-05 17:47:14 - INFO - No changes needed for block 4 in C:\Users\jpowe\CascadeProjects\github\knowledge-base\docs\ai\emotional_intelligence\SELF_AWARENESS.md
2025-07-05 17:47:14 - INFO - Fixed block 5 in C:\Users\jpowe\CascadeProjects\github\knowledge-base\docs\ai\emotional_intelligence\SELF_AWARENESS.md
2025-07-05 17:47:14 - INFO - No changes needed for block 6 in C:\Users\jpowe\CascadeProjects\github\knowledge-base\docs\ai\guides\multilingual_understanding.md
2025-07-05 17:47:14 - INFO - Fixed block 2 in C:\Users\jpowe\CascadeProjects\github\knowledge-base\docs\ai\guides\multimodal_integration.md
2025-07-05 17:47:14 - INFO - Fixed block 1 in C:\Users\jpowe\CascadeProjects\github\knowledge-base\docs\ai\multidisciplinary\integration.md
2025-07-05 17:47:14 - INFO - Fixed block 1 in C:\Users\jpowe\CascadeProjects\github\knowledge-base\docs\ai\virtual_brain\02_cognitive_functions.md
2025-07-05 17:47:14 - INFO - Fixed block 1 in C:\Users\jpowe\CascadeProjects\github\knowledge-base\docs\ai\virtual_brain\03_python_implementation.md
2025-07-05 17:47:14 - INFO - 
=== Summary ===
Files with errors: 109
Files fixed: 56
Files with errors: 0
Files skipped: 17
Total code blocks fixed: 56

2025-07-05 17:47:14 - INFO - ================================================================================
2025-07-05 17:47:14 - INFO - ENHANCED FIXER COMPLETE! Fixed 56 files with 56 code blocks
2025-07-05 17:47:14 - INFO - ================================================================================
2025-07-05 17:47:14 - INFO - Running validation script to verify fixes...
