2025-07-04 19:28:25,628 - final-cleanup - INFO - Starting final cleanup
2025-07-04 19:28:25,630 - final-cleanup - INFO - Found 51 syntax errors and 150 broken links
2025-07-04 19:28:25,717 - final-cleanup - INFO - No changes made to F:\github\knowledge-base\docs\quantum_computing\virtual_quantum_computer.md
2025-07-04 19:28:25,722 - final-cleanup - INFO - Created placeholder file for broken link: F:\github\knowledge-base\docs\related_resource.md
2025-07-04 19:28:25,723 - final-cleanup - INFO - Fixed 1 broken links in F:\github\knowledge-base\docs\nlp_ml.md
2025-07-04 19:28:25,728 - final-cleanup - INFO - Target file already exists, skipping: F:\github\knowledge-base\docs\related_resource.md
2025-07-04 19:28:25,731 - final-cleanup - INFO - Fixed 0 broken links in F:\github\knowledge-base\docs\CONTRIBUTING.md
2025-07-04 19:28:25,735 - final-cleanup - INFO - Created placeholder file for broken link: F:\github\knowledge-base\docs\cad_manufacturing\related_resource.md
2025-07-04 19:28:25,736 - final-cleanup - INFO - Fixed 1 broken links in F:\github\knowledge-base\docs\cad_manufacturing\iot_manufacturing.md
2025-07-04 19:28:25,740 - final-cleanup - INFO - Created placeholder file for broken link: F:\github\knowledge-base\docs\mobile\related_resource.md
2025-07-04 19:28:25,741 - final-cleanup - INFO - Fixed 1 broken links in F:\github\knowledge-base\docs\mobile\troubleshooting.md
2025-07-04 19:28:25,752 - final-cleanup - INFO - Created placeholder file for broken link: F:\github\knowledge-base\docs\web\networking\related_resource.md
2025-07-04 19:28:25,754 - final-cleanup - INFO - Fixed 1 broken links in F:\github\knowledge-base\docs\web\networking\proxy.md
2025-07-04 19:28:25,790 - final-cleanup - INFO - Fixed 3 syntax errors in F:\github\knowledge-base\docs\robotics\advanced_system\software\README.md
2025-07-04 19:28:25,795 - final-cleanup - INFO - Created placeholder file for broken link: F:\github\knowledge-base\docs\mobile\references\related_resource.md
2025-07-04 19:28:25,804 - final-cleanup - INFO - Fixed 1 broken links in F:\github\knowledge-base\docs\mobile\references\backend-integration.md
2025-07-04 19:28:25,807 - final-cleanup - INFO - Created placeholder file for broken link: F:\github\knowledge-base\docs\iot\sensors\related_resource.md
2025-07-04 19:28:25,808 - final-cleanup - INFO - Fixed 1 broken links in F:\github\knowledge-base\docs\iot\sensors\types.md
2025-07-04 19:28:25,809 - final-cleanup - INFO - Target file already exists, skipping: F:\github\knowledge-base\docs\related_resource.md
2025-07-04 19:28:25,810 - final-cleanup - INFO - Fixed 0 broken links in F:\github\knowledge-base\docs\knowledge_representation.md
2025-07-04 19:28:25,814 - final-cleanup - INFO - Created placeholder file for broken link: F:\github\knowledge-base\docs\robotics\related_resource.md
2025-07-04 19:28:25,816 - final-cleanup - INFO - Fixed 1 broken links in F:\github\knowledge-base\docs\robotics\development.md
2025-07-04 19:28:25,820 - final-cleanup - INFO - Created placeholder file for broken link: F:\github\knowledge-base\docs\ai\guides\related_resource.md
2025-07-04 19:28:25,821 - final-cleanup - INFO - Fixed 1 broken links in F:\github\knowledge-base\docs\ai\guides\robotics_movement.md
2025-07-04 19:28:25,822 - final-cleanup - INFO - Target file already exists, skipping: F:\github\knowledge-base\docs\cad_manufacturing\related_resource.md
2025-07-04 19:28:25,823 - final-cleanup - INFO - Fixed 0 broken links in F:\github\knowledge-base\docs\cad_manufacturing\openscad_automation.md
2025-07-04 19:28:25,826 - final-cleanup - INFO - Created placeholder file for broken link: F:\github\knowledge-base\docs\iot\related_resource.md
2025-07-04 19:28:25,827 - final-cleanup - INFO - Fixed 1 broken links in F:\github\knowledge-base\docs\iot\troubleshooting.md
2025-07-04 19:28:25,833 - final-cleanup - INFO - Created placeholder file for broken link: F:\github\knowledge-base\docs\web\php\contributing\related_resource.md
2025-07-04 19:28:25,835 - final-cleanup - INFO - Fixed 1 broken links in F:\github\knowledge-base\docs\web\php\contributing\setup.md
2025-07-04 19:28:25,838 - final-cleanup - INFO - Created placeholder file for broken link: F:\github\knowledge-base\docs\manufacturing\related_resource.md
2025-07-04 19:28:25,839 - final-cleanup - INFO - Fixed 1 broken links in F:\github\knowledge-base\docs\manufacturing\3d_printing_export.md
2025-07-04 19:28:25,842 - final-cleanup - INFO - Created placeholder file for broken link: F:\github\knowledge-base\docs\mobile\contributing\related_resource.md
2025-07-04 19:28:25,843 - final-cleanup - INFO - Fixed 1 broken links in F:\github\knowledge-base\docs\mobile\contributing\development-setup.md
2025-07-04 19:28:25,847 - final-cleanup - INFO - Created placeholder file for broken link: F:\github\knowledge-base\docs\mobile\ui-ux\related_resource.md
2025-07-04 19:28:25,852 - final-cleanup - INFO - Fixed 1 broken links in F:\github\knowledge-base\docs\mobile\ui-ux\accessibility.md
2025-07-04 19:28:25,854 - final-cleanup - INFO - Target file already exists, skipping: F:\github\knowledge-base\docs\mobile\ui-ux\related_resource.md
2025-07-04 19:28:25,854 - final-cleanup - INFO - Fixed 0 broken links in F:\github\knowledge-base\docs\mobile\ui-ux\component-library.md
2025-07-04 19:28:25,858 - final-cleanup - INFO - Created placeholder file for broken link: F:\github\src\multidisciplinary_ai\philosophy.py
2025-07-04 19:28:25,859 - final-cleanup - INFO - Fixed 1 broken links in F:\github\knowledge-base\docs\ai\multidisciplinary\philosophy.md
2025-07-04 19:28:25,861 - final-cleanup - INFO - Target file already exists, skipping: F:\github\knowledge-base\docs\cad_manufacturing\related_resource.md
2025-07-04 19:28:25,867 - final-cleanup - INFO - Fixed 0 broken links in F:\github\knowledge-base\docs\cad_manufacturing\cnc_machining_export.md
2025-07-04 19:28:25,870 - final-cleanup - INFO - Target file already exists, skipping: F:\github\knowledge-base\docs\mobile\contributing\related_resource.md
2025-07-04 19:28:25,872 - final-cleanup - INFO - Fixed 0 broken links in F:\github\knowledge-base\docs\mobile\contributing\documentation.md
2025-07-04 19:28:25,888 - final-cleanup - INFO - No changes made to F:\github\knowledge-base\docs\robotics\advanced_system\perception\README.md
2025-07-04 19:28:25,890 - final-cleanup - INFO - No changes made to F:\github\knowledge-base\docs\machine_learning\multimodal\unified_recognition_guide.md
2025-07-04 19:28:25,891 - final-cleanup - INFO - Target file already exists, skipping: F:\github\knowledge-base\docs\iot\sensors\related_resource.md
2025-07-04 19:28:25,892 - final-cleanup - INFO - Fixed 0 broken links in F:\github\knowledge-base\docs\iot\sensors\validation.md
2025-07-04 19:28:25,895 - final-cleanup - INFO - Created placeholder file for broken link: F:\github\knowledge-base\docs\ai\ai\guides\related_resource.md
2025-07-04 19:28:25,899 - final-cleanup - INFO - Fixed 1 broken links in F:\github\knowledge-base\docs\ai\ai\guides\quantum_circuit_optimization.md
2025-07-04 19:28:25,901 - final-cleanup - INFO - Target file already exists, skipping: F:\github\knowledge-base\docs\robotics\related_resource.md
2025-07-04 19:28:25,902 - final-cleanup - INFO - Fixed 0 broken links in F:\github\knowledge-base\docs\robotics\integration.md
2025-07-04 19:28:25,903 - final-cleanup - INFO - Target file already exists, skipping: F:\github\knowledge-base\docs\robotics\related_resource.md
2025-07-04 19:28:25,904 - final-cleanup - INFO - Fixed 0 broken links in F:\github\knowledge-base\docs\robotics\api.md
2025-07-04 19:28:25,905 - final-cleanup - INFO - Target file already exists, skipping: F:\github\knowledge-base\docs\related_resource.md
2025-07-04 19:28:25,906 - final-cleanup - INFO - Fixed 0 broken links in F:\github\knowledge-base\docs\LICENSE.md
2025-07-04 19:28:25,907 - final-cleanup - INFO - Target file already exists, skipping: F:\github\knowledge-base\docs\cad_manufacturing\related_resource.md
2025-07-04 19:28:25,907 - final-cleanup - INFO - Fixed 0 broken links in F:\github\knowledge-base\docs\cad_manufacturing\gan_design_generation.md
2025-07-04 19:28:25,909 - final-cleanup - INFO - Target file already exists, skipping: F:\github\knowledge-base\docs\related_resource.md
2025-07-04 19:28:25,909 - final-cleanup - INFO - Fixed 0 broken links in F:\github\knowledge-base\docs\advanced_emotional_ai.md
2025-07-04 19:28:25,912 - final-cleanup - INFO - Target file already exists, skipping: F:\github\knowledge-base\docs\web\php\contributing\related_resource.md
2025-07-04 19:28:25,915 - final-cleanup - INFO - Fixed 0 broken links in F:\github\knowledge-base\docs\web\php\contributing\standards.md
2025-07-04 19:28:25,920 - final-cleanup - INFO - Created placeholder file for broken link: F:\github\knowledge-base\docs\guides\related_resource.md
2025-07-04 19:28:25,920 - final-cleanup - INFO - Fixed 1 broken links in F:\github\knowledge-base\docs\guides\multimodal_integration.md
2025-07-04 19:28:25,924 - final-cleanup - INFO - Created placeholder file for broken link: F:\github\knowledge-base\docs\machine_learning\workflow\related_resource.md
2025-07-04 19:28:25,925 - final-cleanup - INFO - Fixed 1 broken links in F:\github\knowledge-base\docs\machine_learning\workflow\deployment.md
2025-07-04 19:28:26,186 - final-cleanup - INFO - Fixed 1 syntax errors in F:\github\knowledge-base\docs\web\system_design\load_balancer.md
2025-07-04 19:28:26,189 - final-cleanup - INFO - Created placeholder file for broken link: F:\github\knowledge-base\docs\web\performance\related_resource.md
2025-07-04 19:28:26,189 - final-cleanup - INFO - Fixed 1 broken links in F:\github\knowledge-base\docs\web\performance\denormalization.md
2025-07-04 19:28:26,192 - final-cleanup - INFO - Created placeholder file for broken link: F:\github\src\multidisciplinary_ai\biology.py
2025-07-04 19:28:26,193 - final-cleanup - INFO - Fixed 1 broken links in F:\github\knowledge-base\docs\ai\multidisciplinary\biology.md
2025-07-04 19:28:26,197 - final-cleanup - INFO - Target file already exists, skipping: F:\github\knowledge-base\docs\mobile\contributing\related_resource.md
2025-07-04 19:28:26,198 - final-cleanup - INFO - Fixed 0 broken links in F:\github\knowledge-base\docs\mobile\contributing\testing.md
2025-07-04 19:28:26,202 - final-cleanup - INFO - Created placeholder file for broken link: F:\github\knowledge-base\docs\audio\related_resource.md
2025-07-04 19:28:26,203 - final-cleanup - INFO - Fixed 1 broken links in F:\github\knowledge-base\docs\audio\audio_recognition.md
2025-07-04 19:28:26,206 - final-cleanup - INFO - Created placeholder file for broken link: F:\github\knowledge-base\docs\iot\security\related_resource.md
2025-07-04 19:28:26,207 - final-cleanup - INFO - Fixed 1 broken links in F:\github\knowledge-base\docs\iot\security\intrusion_detection.md
2025-07-04 19:28:26,211 - final-cleanup - INFO - Created placeholder file for broken link: F:\github\knowledge-base\docs\iot\contributing\related_resource.md
2025-07-04 19:28:26,215 - final-cleanup - INFO - Fixed 1 broken links in F:\github\knowledge-base\docs\iot\contributing\style_guide.md
2025-07-04 19:28:26,220 - final-cleanup - INFO - Created placeholder file for broken link: F:\github\knowledge-base\docs\iot\references\related_resource.md
2025-07-04 19:28:26,222 - final-cleanup - INFO - Fixed 1 broken links in F:\github\knowledge-base\docs\iot\references\data_formats.md
2025-07-04 19:28:26,226 - final-cleanup - INFO - Created placeholder file for broken link: F:\github\knowledge-base\docs\ai\security\related_resource.md
2025-07-04 19:28:26,226 - final-cleanup - INFO - Fixed 1 broken links in F:\github\knowledge-base\docs\ai\security\access_control.md
2025-07-04 19:28:26,231 - final-cleanup - INFO - Created placeholder file for broken link: F:\github\knowledge-base\docs\iot\protocols\related_resource.md
2025-07-04 19:28:26,232 - final-cleanup - INFO - Fixed 1 broken links in F:\github\knowledge-base\docs\iot\protocols\websockets.md
2025-07-04 19:28:26,236 - final-cleanup - INFO - Created placeholder file for broken link: F:\github\knowledge-base\docs\machine_learning\training\related_resource.md
2025-07-04 19:28:26,237 - final-cleanup - INFO - Fixed 1 broken links in F:\github\knowledge-base\docs\machine_learning\training\training_guide.md
2025-07-04 19:28:26,239 - final-cleanup - INFO - Target file already exists, skipping: F:\github\knowledge-base\docs\cad_manufacturing\related_resource.md
2025-07-04 19:28:26,240 - final-cleanup - INFO - Fixed 0 broken links in F:\github\knowledge-base\docs\cad_manufacturing\fea_analysis.md
2025-07-04 19:28:26,244 - final-cleanup - INFO - Created placeholder file for broken link: F:\github\knowledge-base\docs\mobile\cross-platform\related_resource.md
2025-07-04 19:28:26,250 - final-cleanup - INFO - Fixed 1 broken links in F:\github\knowledge-base\docs\mobile\cross-platform\react-native.md
2025-07-04 19:28:26,252 - final-cleanup - INFO - Target file already exists, skipping: F:\github\knowledge-base\docs\robotics\related_resource.md
2025-07-04 19:28:26,253 - final-cleanup - INFO - Fixed 0 broken links in F:\github\knowledge-base\docs\robotics\ai_system_enhancements.md
2025-07-04 19:28:26,257 - final-cleanup - INFO - Created placeholder file for broken link: F:\github\knowledge-base\docs\iot\device_management\related_resource.md
2025-07-04 19:28:26,259 - final-cleanup - INFO - Fixed 1 broken links in F:\github\knowledge-base\docs\iot\device_management\configuration.md
2025-07-04 19:28:26,267 - final-cleanup - INFO - Created placeholder file for broken link: F:\github\knowledge-base\docs\web\php\references\related_resource.md
2025-07-04 19:28:26,270 - final-cleanup - INFO - Fixed 1 broken links in F:\github\knowledge-base\docs\web\php\references\api_reference.md
2025-07-04 19:28:26,285 - final-cleanup - INFO - Fixed 1 syntax errors in F:\github\knowledge-base\docs\robotics\advanced_system\navigation\README.md
2025-07-04 19:28:26,298 - final-cleanup - INFO - Created placeholder file for broken link: F:\github\knowledge-base\docs\deployment\related_resource.md
2025-07-04 19:28:26,304 - final-cleanup - INFO - Fixed 1 broken links in F:\github\knowledge-base\docs\deployment\troubleshooting.md
2025-07-04 19:28:26,334 - final-cleanup - INFO - Fixed 1 syntax errors in F:\github\knowledge-base\docs\robotics\advanced_system\learning\README.md
2025-07-04 19:28:26,336 - final-cleanup - INFO - Created placeholder file for broken link: F:\github\knowledge-base\docs\libraries\related_resource.md
2025-07-04 19:28:26,337 - final-cleanup - INFO - Fixed 1 broken links in F:\github\knowledge-base\docs\libraries\keras-rl2.md
2025-07-04 19:28:26,340 - final-cleanup - INFO - Created placeholder file for broken link: F:\github\knowledge-base\docs\ai\audio\related_resource.md
2025-07-04 19:28:26,341 - final-cleanup - INFO - Fixed 1 broken links in F:\github\knowledge-base\docs\ai\audio\LICENSE.md
2025-07-04 19:28:26,344 - final-cleanup - INFO - Created placeholder file for broken link: F:\github\knowledge-base\docs\mobile\security\related_resource.md
2025-07-04 19:28:26,346 - final-cleanup - INFO - Fixed 1 broken links in F:\github\knowledge-base\docs\mobile\security\secure-storage.md
2025-07-04 19:28:26,350 - final-cleanup - INFO - Target file already exists, skipping: F:\github\knowledge-base\docs\web\php\contributing\related_resource.md
2025-07-04 19:28:26,351 - final-cleanup - INFO - Fixed 0 broken links in F:\github\knowledge-base\docs\web\php\contributing\testing.md
2025-07-04 19:28:26,352 - final-cleanup - INFO - Target file already exists, skipping: F:\github\knowledge-base\docs\iot\protocols\related_resource.md
2025-07-04 19:28:26,353 - final-cleanup - INFO - Fixed 0 broken links in F:\github\knowledge-base\docs\iot\protocols\http.md
2025-07-04 19:28:26,355 - final-cleanup - INFO - Created placeholder file for broken link: F:\github\src\multidisciplinary_ai\psychology.py
2025-07-04 19:28:26,356 - final-cleanup - INFO - Fixed 1 broken links in F:\github\knowledge-base\docs\ai\multidisciplinary\psychology.md
2025-07-04 19:28:26,359 - final-cleanup - INFO - Created placeholder file for broken link: F:\github\knowledge-base\docs\mobile\native\related_resource.md
2025-07-04 19:28:26,360 - final-cleanup - INFO - Fixed 1 broken links in F:\github\knowledge-base\docs\mobile\native\android.md
2025-07-04 19:28:26,362 - final-cleanup - INFO - Target file already exists, skipping: F:\github\knowledge-base\docs\robotics\related_resource.md
2025-07-04 19:28:26,370 - final-cleanup - INFO - Fixed 0 broken links in F:\github\knowledge-base\docs\robotics\testing.md
2025-07-04 19:28:26,371 - final-cleanup - INFO - Target file already exists, skipping: F:\github\knowledge-base\docs\ai\security\related_resource.md
2025-07-04 19:28:26,372 - final-cleanup - INFO - Fixed 0 broken links in F:\github\knowledge-base\docs\ai\security\deployment.md
2025-07-04 19:28:26,373 - final-cleanup - INFO - Target file already exists, skipping: F:\github\knowledge-base\docs\mobile\security\related_resource.md
2025-07-04 19:28:26,374 - final-cleanup - INFO - Fixed 0 broken links in F:\github\knowledge-base\docs\mobile\security\authentication.md
2025-07-04 19:28:26,375 - final-cleanup - INFO - Target file already exists, skipping: F:\github\knowledge-base\docs\iot\device_management\related_resource.md
2025-07-04 19:28:26,376 - final-cleanup - INFO - Fixed 0 broken links in F:\github\knowledge-base\docs\iot\device_management\discovery.md
2025-07-04 19:28:26,380 - final-cleanup - INFO - Fixed 1 syntax errors in F:\github\knowledge-base\docs\ai\audio\audio_module_architecture.md
2025-07-04 19:28:26,402 - final-cleanup - INFO - Fixed 1 syntax errors in F:\github\knowledge-base\docs\ai\audio\multi_modal_audio_recognition.md
2025-07-04 19:28:26,411 - final-cleanup - INFO - Created placeholder file for broken link: F:\github\knowledge-base\docs\mobile\examples\related_resource.md
2025-07-04 19:28:26,419 - final-cleanup - INFO - Fixed 1 broken links in F:\github\knowledge-base\docs\mobile\examples\knowledge-browser.md
2025-07-04 19:28:26,420 - final-cleanup - INFO - Target file already exists, skipping: F:\github\knowledge-base\docs\web\php\contributing\related_resource.md
2025-07-04 19:28:26,421 - final-cleanup - INFO - Fixed 0 broken links in F:\github\knowledge-base\docs\web\php\contributing\pull_requests.md
2025-07-04 19:28:26,423 - final-cleanup - INFO - Target file already exists, skipping: F:\github\knowledge-base\docs\iot\security\related_resource.md
2025-07-04 19:28:26,425 - final-cleanup - INFO - Fixed 0 broken links in F:\github\knowledge-base\docs\iot\security\authentication.md
2025-07-04 19:28:26,431 - final-cleanup - INFO - Created placeholder file for broken link: F:\github\knowledge-base\docs\iot\edge_computing\related_resource.md
2025-07-04 19:28:26,434 - final-cleanup - INFO - Fixed 1 broken links in F:\github\knowledge-base\docs\iot\edge_computing\synchronization.md
2025-07-04 19:28:26,438 - final-cleanup - INFO - Target file already exists, skipping: F:\github\knowledge-base\docs\libraries\related_resource.md
2025-07-04 19:28:26,439 - final-cleanup - INFO - Fixed 0 broken links in F:\github\knowledge-base\docs\libraries\qiskit.md
2025-07-04 19:28:26,441 - final-cleanup - INFO - Target file already exists, skipping: F:\github\knowledge-base\docs\mobile\cross-platform\related_resource.md
2025-07-04 19:28:26,442 - final-cleanup - INFO - Fixed 0 broken links in F:\github\knowledge-base\docs\mobile\cross-platform\flutter.md
2025-07-04 19:28:26,446 - final-cleanup - INFO - Created placeholder file for broken link: F:\github\knowledge-base\docs\web\apis\related_resource.md
2025-07-04 19:28:26,450 - final-cleanup - INFO - Fixed 1 broken links in F:\github\knowledge-base\docs\web\apis\api_gateway.md
2025-07-04 19:28:26,451 - final-cleanup - INFO - Target file already exists, skipping: F:\github\knowledge-base\docs\related_resource.md
2025-07-04 19:28:26,454 - final-cleanup - INFO - Fixed 0 broken links in F:\github\knowledge-base\docs\system_design.md
2025-07-04 19:28:26,461 - final-cleanup - INFO - Target file already exists, skipping: F:\github\knowledge-base\docs\robotics\related_resource.md
2025-07-04 19:28:26,465 - final-cleanup - INFO - Fixed 0 broken links in F:\github\knowledge-base\docs\robotics\faq.md
2025-07-04 19:28:26,469 - final-cleanup - INFO - Created placeholder file for broken link: F:\github\knowledge-base\docs\web\security\related_resource.md
2025-07-04 19:28:26,472 - final-cleanup - INFO - Fixed 1 broken links in F:\github\knowledge-base\docs\web\security\security.md
2025-07-04 19:28:26,473 - final-cleanup - INFO - Target file already exists, skipping: F:\github\knowledge-base\docs\web\php\references\related_resource.md
2025-07-04 19:28:26,475 - final-cleanup - INFO - Fixed 0 broken links in F:\github\knowledge-base\docs\web\php\references\php_standards.md
2025-07-04 19:28:26,477 - final-cleanup - INFO - Target file already exists, skipping: F:\github\knowledge-base\docs\related_resource.md
2025-07-04 19:28:26,480 - final-cleanup - INFO - Fixed 0 broken links in F:\github\knowledge-base\docs\ethics_explainability.md
2025-07-04 19:28:26,487 - final-cleanup - INFO - Created placeholder file for broken link: F:\github\knowledge-base\docs\mobile\performance\related_resource.md
2025-07-04 19:28:26,488 - final-cleanup - INFO - Fixed 1 broken links in F:\github\knowledge-base\docs\mobile\performance\optimization.md
2025-07-04 19:28:26,491 - final-cleanup - INFO - Target file already exists, skipping: F:\github\knowledge-base\docs\robotics\related_resource.md
2025-07-04 19:28:26,510 - final-cleanup - INFO - Fixed 0 broken links in F:\github\knowledge-base\docs\robotics\specs.md
2025-07-04 19:28:26,546 - final-cleanup - INFO - Fixed 4 syntax errors in F:\github\knowledge-base\docs\web\php\README.md
2025-07-04 19:28:26,548 - final-cleanup - INFO - Target file already exists, skipping: F:\github\knowledge-base\docs\cad_manufacturing\related_resource.md
2025-07-04 19:28:26,549 - final-cleanup - INFO - Fixed 0 broken links in F:\github\knowledge-base\docs\cad_manufacturing\multi_material_design.md
2025-07-04 19:28:26,799 - final-cleanup - INFO - Fixed 3 syntax errors in F:\github\knowledge-base\docs\virtual_assistant_cross_platform.md
2025-07-04 19:28:26,800 - final-cleanup - INFO - Target file already exists, skipping: F:\github\knowledge-base\docs\iot\contributing\related_resource.md
2025-07-04 19:28:26,801 - final-cleanup - INFO - Fixed 0 broken links in F:\github\knowledge-base\docs\iot\contributing\testing.md
2025-07-04 19:28:26,804 - final-cleanup - INFO - Created placeholder file for broken link: F:\github\knowledge-base\docs\robotics\advanced_system\related_resource.md
2025-07-04 19:28:26,805 - final-cleanup - INFO - Fixed 1 broken links in F:\github\knowledge-base\docs\robotics\advanced_system\industry4.0.md
2025-07-04 19:28:26,807 - final-cleanup - INFO - Target file already exists, skipping: F:\github\knowledge-base\docs\cad_manufacturing\related_resource.md
2025-07-04 19:28:26,808 - final-cleanup - INFO - Fixed 0 broken links in F:\github\knowledge-base\docs\cad_manufacturing\neural_network_predictions.md
2025-07-04 19:28:26,809 - final-cleanup - INFO - Target file already exists, skipping: F:\github\knowledge-base\docs\iot\device_management\related_resource.md
2025-07-04 19:28:26,810 - final-cleanup - INFO - Fixed 0 broken links in F:\github\knowledge-base\docs\iot\device_management\firmware.md
2025-07-04 19:28:26,815 - final-cleanup - INFO - Created placeholder file for broken link: F:\github\knowledge-base\docs\machine_learning\vision_recognition\related_resource.md
2025-07-04 19:28:26,816 - final-cleanup - INFO - Fixed 1 broken links in F:\github\knowledge-base\docs\machine_learning\vision_recognition\vision_recognition_guide.md
2025-07-04 19:28:26,818 - final-cleanup - INFO - Target file already exists, skipping: F:\github\knowledge-base\docs\iot\device_management\related_resource.md
2025-07-04 19:28:26,819 - final-cleanup - INFO - Fixed 0 broken links in F:\github\knowledge-base\docs\iot\device_management\registration.md
2025-07-04 19:28:26,826 - final-cleanup - INFO - Fixed 1 syntax errors in F:\github\knowledge-base\docs\web\databases\overview.md
2025-07-04 19:28:26,834 - final-cleanup - INFO - Fixed 2 syntax errors in F:\github\knowledge-base\docs\api\narrow_ai_api.md
2025-07-04 19:28:26,835 - final-cleanup - INFO - Target file already exists, skipping: F:\github\knowledge-base\docs\iot\references\related_resource.md
2025-07-04 19:28:26,837 - final-cleanup - INFO - Fixed 0 broken links in F:\github\knowledge-base\docs\iot\references\device_management.md
2025-07-04 19:28:26,840 - final-cleanup - INFO - Fixed 1 syntax errors in F:\github\knowledge-base\docs\ai\README.md
2025-07-04 19:28:26,842 - final-cleanup - INFO - Target file already exists, skipping: F:\github\knowledge-base\docs\mobile\examples\related_resource.md
2025-07-04 19:28:26,843 - final-cleanup - INFO - Fixed 0 broken links in F:\github\knowledge-base\docs\mobile\examples\multimodal-capture.md
2025-07-04 19:28:26,844 - final-cleanup - INFO - Target file already exists, skipping: F:\github\knowledge-base\docs\web\php\references\related_resource.md
2025-07-04 19:28:26,845 - final-cleanup - INFO - Fixed 0 broken links in F:\github\knowledge-base\docs\web\php\references\security_guide.md
2025-07-04 19:28:26,848 - final-cleanup - INFO - Target file already exists, skipping: F:\github\knowledge-base\docs\cad_manufacturing\related_resource.md
2025-07-04 19:28:26,850 - final-cleanup - INFO - Fixed 0 broken links in F:\github\knowledge-base\docs\cad_manufacturing\generative_design.md
2025-07-04 19:28:26,852 - final-cleanup - INFO - Target file already exists, skipping: F:\github\knowledge-base\docs\web\php\contributing\related_resource.md
2025-07-04 19:28:26,853 - final-cleanup - INFO - Fixed 0 broken links in F:\github\knowledge-base\docs\web\php\contributing\documentation.md
2025-07-04 19:28:26,856 - final-cleanup - INFO - Target file already exists, skipping: F:\github\knowledge-base\docs\iot\contributing\related_resource.md
2025-07-04 19:28:26,856 - final-cleanup - INFO - Fixed 0 broken links in F:\github\knowledge-base\docs\iot\contributing\pull_requests.md
2025-07-04 19:28:26,858 - final-cleanup - INFO - Target file already exists, skipping: F:\github\knowledge-base\docs\cad_manufacturing\related_resource.md
2025-07-04 19:28:26,859 - final-cleanup - INFO - Fixed 0 broken links in F:\github\knowledge-base\docs\cad_manufacturing\advanced_physics.md
2025-07-04 19:28:26,860 - final-cleanup - INFO - Target file already exists, skipping: F:\github\knowledge-base\docs\iot\protocols\related_resource.md
2025-07-04 19:28:26,861 - final-cleanup - INFO - Fixed 0 broken links in F:\github\knowledge-base\docs\iot\protocols\amqp.md
2025-07-04 19:28:26,868 - final-cleanup - INFO - Created placeholder file for broken link: F:\github\src\multidisciplinary_ai\sociology.py
2025-07-04 19:28:26,919 - final-cleanup - INFO - Fixed 1 broken links in F:\github\knowledge-base\docs\ai\multidisciplinary\sociology.md
2025-07-04 19:28:26,936 - final-cleanup - INFO - Target file already exists, skipping: F:\github\knowledge-base\docs\related_resource.md
2025-07-04 19:28:26,943 - final-cleanup - INFO - Fixed 0 broken links in F:\github\knowledge-base\docs\deployment.md
2025-07-04 19:28:26,965 - final-cleanup - INFO - Target file already exists, skipping: F:\github\knowledge-base\docs\web\security\related_resource.md
2025-07-04 19:28:26,986 - final-cleanup - INFO - Fixed 0 broken links in F:\github\knowledge-base\docs\web\security\authentication.md
2025-07-04 19:28:26,989 - final-cleanup - INFO - Target file already exists, skipping: F:\github\knowledge-base\docs\iot\device_management\related_resource.md
2025-07-04 19:28:26,991 - final-cleanup - INFO - Fixed 0 broken links in F:\github\knowledge-base\docs\iot\device_management\monitoring.md
2025-07-04 19:28:27,004 - final-cleanup - INFO - Created placeholder file for broken link: F:\github\knowledge-base\docs\ai\emotional_intelligence\related_resource.md
2025-07-04 19:28:27,007 - final-cleanup - INFO - Fixed 1 broken links in F:\github\knowledge-base\docs\ai\emotional_intelligence\CONTRIBUTING.md
2025-07-04 19:28:27,012 - final-cleanup - INFO - Target file already exists, skipping: F:\github\knowledge-base\docs\robotics\advanced_system\related_resource.md
2025-07-04 19:28:27,020 - final-cleanup - INFO - Fixed 0 broken links in F:\github\knowledge-base\docs\robotics\advanced_system\advanced_system.md
2025-07-04 19:28:27,041 - final-cleanup - INFO - Target file already exists, skipping: F:\github\knowledge-base\docs\robotics\advanced_system\related_resource.md
2025-07-04 19:28:27,045 - final-cleanup - INFO - Fixed 0 broken links in F:\github\knowledge-base\docs\robotics\advanced_system\TROUBLESHOOTING.md
2025-07-04 19:28:27,056 - final-cleanup - INFO - Target file already exists, skipping: F:\github\knowledge-base\docs\mobile\examples\related_resource.md
2025-07-04 19:28:27,057 - final-cleanup - INFO - Fixed 0 broken links in F:\github\knowledge-base\docs\mobile\examples\offline-viewer.md
2025-07-04 19:28:27,076 - final-cleanup - INFO - Target file already exists, skipping: F:\github\knowledge-base\docs\mobile\performance\related_resource.md
2025-07-04 19:28:27,086 - final-cleanup - INFO - Fixed 0 broken links in F:\github\knowledge-base\docs\mobile\performance\memory-management.md
2025-07-04 19:28:27,087 - final-cleanup - INFO - Target file already exists, skipping: F:\github\knowledge-base\docs\robotics\related_resource.md
2025-07-04 19:28:27,090 - final-cleanup - INFO - Fixed 0 broken links in F:\github\knowledge-base\docs\robotics\human_robot_interaction.md
2025-07-04 19:28:27,095 - final-cleanup - INFO - Target file already exists, skipping: F:\github\knowledge-base\docs\iot\references\related_resource.md
2025-07-04 19:28:27,103 - final-cleanup - INFO - Fixed 0 broken links in F:\github\knowledge-base\docs\iot\references\security_standards.md
2025-07-04 19:28:27,109 - final-cleanup - INFO - Fixed 10 syntax errors in F:\github\knowledge-base\docs\ai\audio\audio_module_api.md
2025-07-04 19:28:27,118 - final-cleanup - INFO - Target file already exists, skipping: F:\github\knowledge-base\docs\iot\sensors\related_resource.md
2025-07-04 19:28:27,135 - final-cleanup - INFO - Fixed 0 broken links in F:\github\knowledge-base\docs\iot\sensors\fusion.md
2025-07-04 19:28:27,140 - final-cleanup - INFO - Fixed 2 syntax errors in F:\github\knowledge-base\docs\robotics\advanced_system\security\README.md
2025-07-04 19:28:27,143 - final-cleanup - INFO - Target file already exists, skipping: F:\github\knowledge-base\docs\libraries\related_resource.md
2025-07-04 19:28:27,145 - final-cleanup - INFO - Fixed 0 broken links in F:\github\knowledge-base\docs\libraries\web3.md
2025-07-04 19:28:27,151 - final-cleanup - INFO - Target file already exists, skipping: F:\github\knowledge-base\docs\mobile\ui-ux\related_resource.md
2025-07-04 19:28:27,153 - final-cleanup - INFO - Fixed 0 broken links in F:\github\knowledge-base\docs\mobile\ui-ux\design-principles.md
2025-07-04 19:28:27,154 - final-cleanup - INFO - Target file already exists, skipping: F:\github\knowledge-base\docs\mobile\security\related_resource.md
2025-07-04 19:28:27,155 - final-cleanup - INFO - Fixed 0 broken links in F:\github\knowledge-base\docs\mobile\security\encryption.md
2025-07-04 19:28:27,157 - final-cleanup - INFO - Target file already exists, skipping: F:\github\knowledge-base\docs\ai\guides\related_resource.md
2025-07-04 19:28:27,158 - final-cleanup - INFO - Fixed 0 broken links in F:\github\knowledge-base\docs\ai\guides\performance_tuning.md
2025-07-04 19:28:27,159 - final-cleanup - INFO - Target file already exists, skipping: F:\github\knowledge-base\docs\web\php\references\related_resource.md
2025-07-04 19:28:27,170 - final-cleanup - INFO - Fixed 0 broken links in F:\github\knowledge-base\docs\web\php\references\performance_guide.md
2025-07-04 19:28:27,175 - final-cleanup - INFO - Fixed 1 syntax errors in F:\github\knowledge-base\docs\web\apis\rest_api.md
2025-07-04 19:28:27,192 - final-cleanup - INFO - Target file already exists, skipping: F:\github\knowledge-base\docs\iot\protocols\related_resource.md
2025-07-04 19:28:27,221 - final-cleanup - INFO - Fixed 0 broken links in F:\github\knowledge-base\docs\iot\protocols\coap.md
2025-07-04 19:28:27,226 - final-cleanup - INFO - Created placeholder file for broken link: F:\github\src\multidisciplinary_ai\cosmology.py
2025-07-04 19:28:27,253 - final-cleanup - INFO - Created placeholder file for broken link: F:\github\src\multidisciplinary_ai\cosmology\cosmology_model.py
2025-07-04 19:28:27,256 - final-cleanup - INFO - Fixed 2 broken links in F:\github\knowledge-base\docs\ai\multidisciplinary\cosmology.md
2025-07-04 19:28:27,260 - final-cleanup - INFO - Fixed 1 syntax errors in F:\github\knowledge-base\docs\deployment\containerization\README.md
2025-07-04 19:28:27,270 - final-cleanup - INFO - Created placeholder file for broken link: F:\github\knowledge-base\docs\examples\related_resource.md
2025-07-04 19:28:27,271 - final-cleanup - INFO - Fixed 1 broken links in F:\github\knowledge-base\docs\examples\multidisciplinary.md
2025-07-04 19:28:27,277 - final-cleanup - INFO - Created placeholder file for broken link: F:\github\knowledge-base\docs\examples\emotional_intelligence\related_resource.md
2025-07-04 19:28:27,287 - final-cleanup - INFO - Fixed 1 broken links in F:\github\knowledge-base\docs\examples\emotional_intelligence\demo_emotional_ai.md
2025-07-04 19:28:27,289 - final-cleanup - INFO - Target file already exists, skipping: F:\github\knowledge-base\docs\examples\related_resource.md
2025-07-04 19:28:27,293 - final-cleanup - INFO - Fixed 0 broken links in F:\github\knowledge-base\docs\examples\emotional_intelligence.md
2025-07-04 19:28:27,301 - final-cleanup - INFO - Fixed 1 syntax errors in F:\github\knowledge-base\docs\robotics\advanced_system\connectivity_and_communication.md
2025-07-04 19:28:27,306 - final-cleanup - INFO - Fixed 1 syntax errors in F:\github\knowledge-base\docs\ai\emotional_intelligence\EMOTION_REGULATION.md
2025-07-04 19:28:27,309 - final-cleanup - INFO - Created placeholder file for broken link: F:\github\knowledge-base\docs\ai\tools\related_resource.md
2025-07-04 19:28:27,311 - final-cleanup - INFO - Fixed 1 broken links in F:\github\knowledge-base\docs\ai\tools\benchmarking.md
2025-07-04 19:28:27,317 - final-cleanup - INFO - Target file already exists, skipping: F:\github\knowledge-base\docs\iot\sensors\related_resource.md
2025-07-04 19:28:27,350 - final-cleanup - INFO - Fixed 0 broken links in F:\github\knowledge-base\docs\iot\sensors\data_collection.md
2025-07-04 19:28:27,387 - final-cleanup - INFO - Target file already exists, skipping: F:\github\knowledge-base\docs\iot\edge_computing\related_resource.md
2025-07-04 19:28:27,393 - final-cleanup - INFO - Fixed 0 broken links in F:\github\knowledge-base\docs\iot\edge_computing\processing.md
2025-07-04 19:28:27,401 - final-cleanup - INFO - Fixed 1 syntax errors in F:\github\knowledge-base\docs\deployment\README.md
2025-07-04 19:28:27,403 - final-cleanup - INFO - Target file already exists, skipping: F:\github\knowledge-base\docs\iot\security\related_resource.md
2025-07-04 19:28:27,404 - final-cleanup - INFO - Fixed 0 broken links in F:\github\knowledge-base\docs\iot\security\key_management.md
2025-07-04 19:28:27,405 - final-cleanup - INFO - Target file already exists, skipping: F:\github\knowledge-base\docs\mobile\performance\related_resource.md
2025-07-04 19:28:27,406 - final-cleanup - INFO - Fixed 0 broken links in F:\github\knowledge-base\docs\mobile\performance\offline-support.md
2025-07-04 19:28:27,409 - final-cleanup - INFO - No changes made to F:\github\knowledge-base\docs\ai\audio\audio_module_examples.md
2025-07-04 19:28:27,418 - final-cleanup - INFO - Target file already exists, skipping: F:\github\knowledge-base\docs\iot\protocols\related_resource.md
2025-07-04 19:28:27,422 - final-cleanup - INFO - Fixed 0 broken links in F:\github\knowledge-base\docs\iot\protocols\mqtt.md
2025-07-04 19:28:27,423 - final-cleanup - INFO - Target file already exists, skipping: F:\github\knowledge-base\docs\ai\emotional_intelligence\related_resource.md
2025-07-04 19:28:27,424 - final-cleanup - INFO - Fixed 0 broken links in F:\github\knowledge-base\docs\ai\emotional_intelligence\LICENSE.md
2025-07-04 19:28:27,425 - final-cleanup - INFO - Target file already exists, skipping: F:\github\knowledge-base\docs\cad_manufacturing\related_resource.md
2025-07-04 19:28:27,434 - final-cleanup - INFO - Fixed 0 broken links in F:\github\knowledge-base\docs\cad_manufacturing\3d_printing_export.md
2025-07-04 19:28:27,441 - final-cleanup - INFO - Created placeholder file for broken link: F:\github\ai\multidisciplinary\philosophy.md
2025-07-04 19:28:27,443 - final-cleanup - INFO - Fixed 1 broken links in F:\github\knowledge-base\docs\robotics\advanced_system\speculative_abilities.md
2025-07-04 19:28:27,451 - final-cleanup - INFO - Target file already exists, skipping: F:\github\knowledge-base\docs\mobile\contributing\related_resource.md
2025-07-04 19:28:27,488 - final-cleanup - INFO - Fixed 0 broken links in F:\github\knowledge-base\docs\mobile\contributing\coding-standards.md
2025-07-04 19:28:27,520 - final-cleanup - INFO - Target file already exists, skipping: F:\github\knowledge-base\docs\web\php\references\related_resource.md
2025-07-04 19:28:27,532 - final-cleanup - INFO - Fixed 0 broken links in F:\github\knowledge-base\docs\web\php\references\template_guide.md
2025-07-04 19:28:27,557 - final-cleanup - INFO - Target file already exists, skipping: F:\github\knowledge-base\docs\robotics\related_resource.md
2025-07-04 19:28:27,558 - final-cleanup - INFO - Fixed 0 broken links in F:\github\knowledge-base\docs\robotics\troubleshooting.md
2025-07-04 19:28:27,561 - final-cleanup - INFO - Target file already exists, skipping: F:\github\knowledge-base\docs\iot\security\related_resource.md
2025-07-04 19:28:27,583 - final-cleanup - INFO - Fixed 0 broken links in F:\github\knowledge-base\docs\iot\security\secure_boot.md
2025-07-04 19:28:27,588 - final-cleanup - INFO - Target file already exists, skipping: F:\github\knowledge-base\docs\iot\edge_computing\related_resource.md
2025-07-04 19:28:27,591 - final-cleanup - INFO - Fixed 0 broken links in F:\github\knowledge-base\docs\iot\edge_computing\resource_management.md
2025-07-04 19:28:27,658 - final-cleanup - INFO - Fixed 1 syntax errors in F:\github\knowledge-base\docs\self_building_ai.md
2025-07-04 19:28:27,663 - final-cleanup - INFO - Fixed 1 syntax errors in F:\github\knowledge-base\docs\ai\advanced_components\privacy_preservation.md
2025-07-04 19:28:27,670 - final-cleanup - INFO - Target file already exists, skipping: F:\github\knowledge-base\docs\cad_manufacturing\related_resource.md
2025-07-04 19:28:27,671 - final-cleanup - INFO - Fixed 0 broken links in F:\github\knowledge-base\docs\cad_manufacturing\genetic_algorithm_optimization.md
2025-07-04 19:28:27,672 - final-cleanup - INFO - Target file already exists, skipping: F:\github\knowledge-base\docs\mobile\references\related_resource.md
2025-07-04 19:28:27,673 - final-cleanup - INFO - Fixed 0 broken links in F:\github\knowledge-base\docs\mobile\references\api-docs.md
2025-07-04 19:28:27,675 - final-cleanup - INFO - Target file already exists, skipping: F:\github\knowledge-base\docs\iot\edge_computing\related_resource.md
2025-07-04 19:28:27,677 - final-cleanup - INFO - Fixed 0 broken links in F:\github\knowledge-base\docs\iot\edge_computing\analytics.md
2025-07-04 19:28:27,686 - final-cleanup - INFO - Fixed 2 syntax errors in F:\github\knowledge-base\docs\robotics\advanced_system\ui_ux\README.md
2025-07-04 19:28:27,700 - final-cleanup - INFO - Created placeholder file for broken link: F:\github\knowledge-base\docs\api\related_resource.md
2025-07-04 19:28:27,727 - final-cleanup - INFO - Fixed 1 broken links in F:\github\knowledge-base\docs\api\audio_recognition_api.md
2025-07-04 19:28:27,734 - final-cleanup - INFO - Target file already exists, skipping: F:\github\knowledge-base\docs\cad_manufacturing\related_resource.md
2025-07-04 19:28:27,736 - final-cleanup - INFO - Fixed 0 broken links in F:\github\knowledge-base\docs\cad_manufacturing\3d_model_generation.md
2025-07-04 19:28:27,738 - final-cleanup - INFO - Target file already exists, skipping: F:\github\knowledge-base\docs\iot\sensors\related_resource.md
2025-07-04 19:28:27,751 - final-cleanup - INFO - Fixed 0 broken links in F:\github\knowledge-base\docs\iot\sensors\calibration.md
2025-07-04 19:28:27,755 - final-cleanup - INFO - Target file already exists, skipping: F:\github\knowledge-base\docs\deployment\related_resource.md
2025-07-04 19:28:27,758 - final-cleanup - INFO - Fixed 0 broken links in F:\github\knowledge-base\docs\deployment\environment.md
2025-07-04 19:28:27,769 - final-cleanup - INFO - Fixed 4 syntax errors in F:\github\knowledge-base\docs\robotics\advanced_system\sanskrit_style_reorganization.md
2025-07-04 19:28:27,791 - final-cleanup - INFO - Target file already exists, skipping: F:\github\knowledge-base\docs\robotics\advanced_system\related_resource.md
2025-07-04 19:28:27,819 - final-cleanup - INFO - Fixed 0 broken links in F:\github\knowledge-base\docs\robotics\advanced_system\simulation.md
2025-07-04 19:28:27,822 - final-cleanup - INFO - Target file already exists, skipping: F:\github\knowledge-base\docs\mobile\native\related_resource.md
2025-07-04 19:28:27,825 - final-cleanup - INFO - Fixed 0 broken links in F:\github\knowledge-base\docs\mobile\native\ios.md
2025-07-04 19:28:27,827 - final-cleanup - INFO - Target file already exists, skipping: F:\github\knowledge-base\docs\mobile\references\related_resource.md
2025-07-04 19:28:27,850 - final-cleanup - INFO - Fixed 0 broken links in F:\github\knowledge-base\docs\mobile\references\component-library.md
2025-07-04 19:28:27,861 - final-cleanup - INFO - Target file already exists, skipping: F:\github\knowledge-base\docs\ai\guides\related_resource.md
2025-07-04 19:28:27,875 - final-cleanup - INFO - Fixed 0 broken links in F:\github\knowledge-base\docs\ai\guides\robotics_ai_algorithms.md
2025-07-04 19:28:27,877 - final-cleanup - INFO - Target file already exists, skipping: F:\github\knowledge-base\docs\iot\references\related_resource.md
2025-07-04 19:28:27,884 - final-cleanup - INFO - Fixed 0 broken links in F:\github\knowledge-base\docs\iot\references\edge_computing.md
2025-07-04 19:28:27,906 - final-cleanup - INFO - Target file already exists, skipping: F:\github\knowledge-base\docs\iot\security\related_resource.md
2025-07-04 19:28:27,907 - final-cleanup - INFO - Fixed 0 broken links in F:\github\knowledge-base\docs\iot\security\authorization.md
2025-07-04 19:28:27,910 - final-cleanup - INFO - Target file already exists, skipping: F:\github\knowledge-base\docs\iot\edge_computing\related_resource.md
2025-07-04 19:28:27,917 - final-cleanup - INFO - Fixed 0 broken links in F:\github\knowledge-base\docs\iot\edge_computing\storage.md
2025-07-04 19:28:27,921 - final-cleanup - INFO - Target file already exists, skipping: F:\github\knowledge-base\docs\ai\ai\guides\related_resource.md
2025-07-04 19:28:27,922 - final-cleanup - INFO - Fixed 0 broken links in F:\github\knowledge-base\docs\ai\ai\guides\multimodal_integration.md
2025-07-04 19:28:27,942 - final-cleanup - INFO - Fixed 1 syntax errors in F:\github\knowledge-base\docs\web\databases\database_overview.md
2025-07-04 19:28:27,955 - final-cleanup - INFO - Target file already exists, skipping: F:\github\knowledge-base\docs\robotics\related_resource.md
2025-07-04 19:28:27,957 - final-cleanup - INFO - Fixed 0 broken links in F:\github\knowledge-base\docs\robotics\CONTRIBUTING.md
2025-07-04 19:28:27,959 - final-cleanup - INFO - Target file already exists, skipping: F:\github\knowledge-base\docs\iot\contributing\related_resource.md
2025-07-04 19:28:27,960 - final-cleanup - INFO - Fixed 0 broken links in F:\github\knowledge-base\docs\iot\contributing\setup.md
2025-07-04 19:28:27,962 - final-cleanup - INFO - Target file already exists, skipping: F:\github\knowledge-base\docs\iot\security\related_resource.md
2025-07-04 19:28:28,021 - final-cleanup - INFO - Fixed 0 broken links in F:\github\knowledge-base\docs\iot\security\encryption.md
2025-07-04 19:28:28,039 - final-cleanup - INFO - Fixed 1 syntax errors in F:\github\knowledge-base\docs\mobile\README.md
2025-07-04 19:28:28,045 - final-cleanup - INFO - Created placeholder file for broken link: F:\github\knowledge-base\docs\hardware\related_resource.md
2025-07-04 19:28:28,051 - final-cleanup - INFO - Fixed 1 broken links in F:\github\knowledge-base\docs\hardware\sensors.md
2025-07-04 19:28:28,054 - final-cleanup - INFO - Target file already exists, skipping: F:\github\knowledge-base\docs\libraries\related_resource.md
2025-07-04 19:28:28,056 - final-cleanup - INFO - Fixed 0 broken links in F:\github\knowledge-base\docs\libraries\scapy.md
2025-07-04 19:28:28,059 - final-cleanup - INFO - Target file already exists, skipping: F:\github\knowledge-base\docs\robotics\related_resource.md
2025-07-04 19:28:28,060 - final-cleanup - INFO - Fixed 0 broken links in F:\github\knowledge-base\docs\robotics\safety_ethics.md
2025-07-04 19:28:28,061 - final-cleanup - INFO - Target file already exists, skipping: F:\github\knowledge-base\docs\iot\contributing\related_resource.md
2025-07-04 19:28:28,063 - final-cleanup - INFO - Fixed 0 broken links in F:\github\knowledge-base\docs\iot\contributing\documentation.md
2025-07-04 19:28:28,067 - final-cleanup - INFO - Target file already exists, skipping: F:\github\knowledge-base\docs\iot\references\related_resource.md
2025-07-04 19:28:28,093 - final-cleanup - INFO - Fixed 0 broken links in F:\github\knowledge-base\docs\iot\references\protocol_specs.md
2025-07-04 19:28:28,124 - final-cleanup - INFO - Target file already exists, skipping: F:\github\knowledge-base\docs\libraries\related_resource.md
2025-07-04 19:28:28,134 - final-cleanup - INFO - Fixed 0 broken links in F:\github\knowledge-base\docs\libraries\fairlearn.md
2025-07-04 19:28:28,168 - final-cleanup - INFO - Created placeholder file for broken link: F:\github\src\ai\improvements_module.py
2025-07-04 19:28:28,185 - final-cleanup - INFO - Created placeholder file for broken link: F:\github\src\ai\emotional_intelligence.py
2025-07-04 19:28:28,221 - final-cleanup - INFO - Fixed 2 broken links in F:\github\knowledge-base\docs\ai\improvements_module.md
2025-07-04 19:28:28,268 - final-cleanup - INFO - Fixed 1 syntax errors in F:\github\knowledge-base\docs\ai\vision\multi_category_object_recognition.md
2025-07-04 19:28:28,271 - final-cleanup - INFO - Target file already exists, skipping: F:\github\knowledge-base\docs\mobile\references\related_resource.md
2025-07-04 19:28:28,272 - final-cleanup - INFO - Fixed 0 broken links in F:\github\knowledge-base\docs\mobile\references\standards.md
2025-07-04 19:28:28,278 - final-cleanup - INFO - Cleanup complete! Fixed 47 syntax errors and 54 broken links.
