=== Front Matter Fix Results ===

Started at: 2025-07-04 23:19:46
Total files found: 45

Processing: docs\related_resource.md
  Replacing front matter in docs\related_resource.md ✓
Processing: docs\ai\ai\guides\related_resource.md
  Replacing front matter in docs\ai\ai\guides\related_resource.md ✓
Processing: docs\ai\audio\related_resource.md
  Replacing front matter in docs\ai\audio\related_resource.md ✓
Processing: docs\ai\emotional_intelligence\related_resource.md
  Replacing front matter in docs\ai\emotional_intelligence\related_resource.md ✓
Processing: docs\ai\guides\related_resource.md
  Replacing front matter in docs\ai\guides\related_resource.md ✓
Processing: docs\ai\security\related_resource.md
  Replacing front matter in docs\ai\security\related_resource.md ✓
Processing: docs\ai\tools\related_resource.md
  Replacing front matter in docs\ai\tools\related_resource.md ✓
Processing: docs\api\related_resource.md
  Replacing front matter in docs\api\related_resource.md ✓
Processing: docs\audio\related_resource.md
  Replacing front matter in docs\audio\related_resource.md ✓
Processing: docs\cad_manufacturing\related_resource.md
  Replacing front matter in docs\cad_manufacturing\related_resource.md ✓
Processing: docs\deployment\related_resource.md
  Replacing front matter in docs\deployment\related_resource.md ✓
Processing: docs\examples\related_resource.md
  Replacing front matter in docs\examples\related_resource.md ✓
Processing: docs\examples\emotional_intelligence\related_resource.md
  Replacing front matter in docs\examples\emotional_intelligence\related_resource.md ✓
Processing: docs\guides\related_resource.md
  Replacing front matter in docs\guides\related_resource.md ✓
Processing: docs\hardware\related_resource.md
  Replacing front matter in docs\hardware\related_resource.md ✓
Processing: docs\iot\related_resource.md
  Replacing front matter in docs\iot\related_resource.md ✓
Processing: docs\iot\contributing\related_resource.md
  Replacing front matter in docs\iot\contributing\related_resource.md ✓
Processing: docs\iot\device_management\related_resource.md
  Replacing front matter in docs\iot\device_management\related_resource.md ✓
Processing: docs\iot\edge_computing\related_resource.md
  Replacing front matter in docs\iot\edge_computing\related_resource.md ✓
Processing: docs\iot\protocols\related_resource.md
  Replacing front matter in docs\iot\protocols\related_resource.md ✓
Processing: docs\iot\references\related_resource.md
  Replacing front matter in docs\iot\references\related_resource.md ✓
Processing: docs\iot\security\related_resource.md
  Replacing front matter in docs\iot\security\related_resource.md ✓
Processing: docs\iot\sensors\related_resource.md
  Replacing front matter in docs\iot\sensors\related_resource.md ✓
Processing: docs\libraries\related_resource.md
  Replacing front matter in docs\libraries\related_resource.md ✓
Processing: docs\machine_learning\training\related_resource.md
  Replacing front matter in docs\machine_learning\training\related_resource.md ✓
Processing: docs\machine_learning\vision_recognition\related_resource.md
  Replacing front matter in docs\machine_learning\vision_recognition\related_resource.md ✓
Processing: docs\machine_learning\workflow\related_resource.md
  Replacing front matter in docs\machine_learning\workflow\related_resource.md ✓
Processing: docs\manufacturing\related_resource.md
  Replacing front matter in docs\manufacturing\related_resource.md ✓
Processing: docs\mobile\related_resource.md
  Replacing front matter in docs\mobile\related_resource.md ✓
Processing: docs\mobile\contributing\related_resource.md
  Replacing front matter in docs\mobile\contributing\related_resource.md ✓
Processing: docs\mobile\cross-platform\related_resource.md
  Replacing front matter in docs\mobile\cross-platform\related_resource.md ✓
Processing: docs\mobile\examples\related_resource.md
  Replacing front matter in docs\mobile\examples\related_resource.md ✓
Processing: docs\mobile\native\related_resource.md
  Replacing front matter in docs\mobile\native\related_resource.md ✓
Processing: docs\mobile\performance\related_resource.md
  Replacing front matter in docs\mobile\performance\related_resource.md ✓
Processing: docs\mobile\references\related_resource.md
  Replacing front matter in docs\mobile\references\related_resource.md ✓
Processing: docs\mobile\security\related_resource.md
  Replacing front matter in docs\mobile\security\related_resource.md ✓
Processing: docs\mobile\ui-ux\related_resource.md
  Replacing front matter in docs\mobile\ui-ux\related_resource.md ✓
Processing: docs\robotics\related_resource.md
  Replacing front matter in docs\robotics\related_resource.md ✓
Processing: docs\robotics\advanced_system\related_resource.md
  Replacing front matter in docs\robotics\advanced_system\related_resource.md ✓
Processing: docs\web\apis\related_resource.md
  Replacing front matter in docs\web\apis\related_resource.md ✓
Processing: docs\web\networking\related_resource.md
  Replacing front matter in docs\web\networking\related_resource.md ✓
Processing: docs\web\performance\related_resource.md
  Replacing front matter in docs\web\performance\related_resource.md ✓
Processing: docs\web\php\contributing\related_resource.md
  Replacing front matter in docs\web\php\contributing\related_resource.md ✓
Processing: docs\web\php\references\related_resource.md
  Replacing front matter in docs\web\php\references\related_resource.md ✓
Processing: docs\web\security\related_resource.md
  Replacing front matter in docs\web\security\related_resource.md ✓

=== Summary ===
Total files processed: 45
Files fixed: 45
Files with errors: 0
Files skipped: 0

Completed at: 2025-07-04 23:19:47

=== Syntax Error Fix Results ===

Processing: docs\virtual_assistant_cross_platform.md
  Fixed syntax errors in docs\virtual_assistant_cross_platform.md ✓
Processing: docs\ai\README.md
  Fixed syntax errors in docs\ai\README.md ✓
Processing: docs\api\narrow_ai_api.md
  Fixed syntax errors in docs\api\narrow_ai_api.md ✓
Processing: docs\deployment\README.md
  Fixed syntax errors in docs\deployment\README.md ✓
Processing: docs\quantum_computing\virtual_quantum_computer.md
  Fixed syntax errors in docs\quantum_computing\virtual_quantum_computer.md ✓
Processing: docs\robotics\advanced_system\sanskrit_style_reorganization.md
  Fixed syntax errors in docs\robotics\advanced_system\sanskrit_style_reorganization.md ✓
Processing: docs\robotics\advanced_system\security\README.md
  Fixed syntax errors in docs\robotics\advanced_system\security\README.md ✓
Processing: docs\robotics\advanced_system\software\README.md
  Fixed syntax errors in docs\robotics\advanced_system\software\README.md ✓
Processing: docs\machine_learning\multimodal\unified_recognition_guide.md
  Fixed syntax errors in docs\machine_learning\multimodal\unified_recognition_guide.md ✓
Processing: docs\ai\vision\multi_category_object_recognition.md
  Fixed syntax errors in docs\ai\vision\multi_category_object_recognition.md ✓
Processing: docs\ai\emotional_intelligence\EMOTION_REGULATION.md
  Fixed syntax errors in docs\ai\emotional_intelligence\EMOTION_REGULATION.md ✓
Processing: docs\web\system_design\load_balancer.md
  Fixed syntax errors in docs\web\system_design\load_balancer.md ✓

=== Syntax Errors Summary ===
Files with syntax errors fixed: 12
