2025-07-04 19:11:45,625 - repo-reorganizer - INFO - Repository Reorganization Tool
2025-07-04 19:11:45,626 - repo-reorganizer - INFO - ==============================
2025-07-04 19:11:45,628 - repo-reorganizer - INFO - Starting repository reorganization...
2025-07-04 19:11:45,630 - repo-reorganizer - INFO - Analyzing repository structure...
2025-07-04 19:11:52,796 - repo-reorganizer - INFO - Found 1205 files in the repository
2025-07-04 19:11:52,809 - repo-reorganizer - INFO - Found 69 duplicate files
2025-07-04 19:11:53,037 - repo-reorganizer - INFO - Found 3 empty directories
2025-07-04 19:11:53,037 - repo-reorganizer - INFO - Creating production directory structure...
2025-07-04 19:11:53,165 - repo-reorganizer - INFO - Production directory structure created
2025-07-04 19:11:53,167 - repo-reorganizer - INFO - Reorganizing files into production structure...
2025-07-04 19:12:20,861 - repo-reorganizer - INFO - Reorganized 1136 files
2025-07-04 19:12:20,870 - repo-reorganizer - INFO - Eliminated 69 duplicate files
2025-07-04 19:12:20,884 - repo-reorganizer - INFO - Generating reorganization report...
2025-07-04 19:16:02,632 - repo-reorganizer - INFO - Repository Reorganization Tool
2025-07-04 19:16:02,664 - repo-reorganizer - INFO - ==============================
2025-07-04 19:16:02,667 - repo-reorganizer - INFO - Starting repository reorganization...
2025-07-04 19:16:02,668 - repo-reorganizer - INFO - Analyzing repository structure...
2025-07-04 19:16:08,902 - repo-reorganizer - INFO - Found 1206 files in the repository
2025-07-04 19:16:08,910 - repo-reorganizer - INFO - Found 69 duplicate files
2025-07-04 19:16:09,695 - repo-reorganizer - INFO - Found 3 empty directories
2025-07-04 19:16:09,884 - repo-reorganizer - INFO - Creating production directory structure...
2025-07-04 19:16:14,230 - repo-reorganizer - INFO - Production directory structure created
2025-07-04 19:16:14,599 - repo-reorganizer - INFO - Reorganizing files into production structure...
2025-07-04 19:17:15,259 - repo-reorganizer - INFO - Reorganized 1137 files
2025-07-04 19:17:15,273 - repo-reorganizer - INFO - Eliminated 69 duplicate files
2025-07-04 19:17:15,274 - repo-reorganizer - INFO - Generating reorganization report...
2025-07-04 19:19:29,195 - repo-reorganizer - INFO - Repository Reorganization Tool
2025-07-04 19:19:29,281 - repo-reorganizer - INFO - ==============================
2025-07-04 19:19:29,282 - repo-reorganizer - INFO - Starting repository reorganization...
2025-07-04 19:19:29,282 - repo-reorganizer - INFO - Analyzing repository structure...
2025-07-04 19:19:34,429 - repo-reorganizer - INFO - Found 1206 files in the repository
2025-07-04 19:19:34,434 - repo-reorganizer - INFO - Found 69 duplicate files
2025-07-04 19:19:34,788 - repo-reorganizer - INFO - Found 3 empty directories
2025-07-04 19:19:34,789 - repo-reorganizer - INFO - Creating production directory structure...
2025-07-04 19:19:36,905 - repo-reorganizer - INFO - Production directory structure created
2025-07-04 19:19:36,916 - repo-reorganizer - INFO - Reorganizing files into production structure...
2025-07-04 19:20:09,660 - repo-reorganizer - INFO - Reorganized 1137 files
2025-07-04 19:20:09,665 - repo-reorganizer - INFO - Eliminated 69 duplicate files
2025-07-04 19:20:09,697 - repo-reorganizer - INFO - Generating reorganization report...
