2025-07-05 04:51:12 - INFO - ================================================================================
2025-07-05 04:51:12 - INFO - CODE BLOCK SYNTAX FIXER STARTING
2025-07-05 04:51:12 - INFO - ================================================================================
2025-07-05 04:51:12 - INFO - Starting syntax fixer on C:\Users\jpowe\CascadeProjects\github\knowledge-base
2025-07-05 04:51:12 - INFO - Dry run mode: OFF
2025-07-05 04:51:12 - INFO - Found 109 syntax errors in 63 files
2025-07-05 04:51:12 - INFO - Processing: docs\self_building_ai.md - 1 error(s)
2025-07-05 04:51:12 - INFO - Processing: docs\self_building_ai_functions.md - 1 error(s)
2025-07-05 04:51:12 - INFO - Processing: docs\virtual_assistant_cross_platform.md - 1 error(s)
2025-07-05 04:51:12 - INFO - Processing: docs\advanced_modules\neuromorphic_computing.md - 4 error(s)
2025-07-05 04:51:12 - INFO - Processing: docs\ai\advanced_emotional_ai.md - 2 error(s)
2025-07-05 04:51:12 - INFO - Processing: docs\ai\parallel_processing.md - 1 error(s)
2025-07-05 04:51:12 - INFO - Processing: docs\ai\system_improvement_strategies.md - 1 error(s)
2025-07-05 04:51:12 - INFO - Processing: docs\blockchain\token_factory.md - 1 error(s)
2025-07-05 04:51:12 - INFO - Processing: docs\cad_manufacturing\freecad_automation.md - 1 error(s)
2025-07-05 04:51:12 - INFO - Processing: docs\cad_manufacturing\materials_database.md - 3 error(s)
2025-07-05 04:51:12 - INFO - Processing: docs\cad_manufacturing\physics_simulation.md - 5 error(s)
2025-07-05 04:51:12 - INFO - Processing: docs\concepts\experiential_learning_emotional_memory_module.md - 2 error(s)
2025-07-05 04:51:12 - INFO - Processing: docs\concepts\non_violence_and_peaceful_resolution_module.md - 1 error(s)
2025-07-05 04:51:12 - INFO - Processing: docs\concepts\rife_healing_frequencies_module.md - 2 error(s)
2025-07-05 04:51:12 - INFO - Processing: docs\concepts\species_communication_agriculture_medicine_conservation.md - 3 error(s)
2025-07-05 04:51:12 - INFO - Processing: docs\mobile\README.md - 2 error(s)
2025-07-05 04:51:12 - INFO - Processing: docs\quantum_computing\virtual_quantum_computer.md - 1 error(s)
2025-07-05 04:51:12 - INFO - Processing: docs\security\advanced_analysis.md - 2 error(s)
2025-07-05 04:51:12 - INFO - Processing: docs\security\quantum_resistant_cryptography.md - 5 error(s)
2025-07-05 04:51:12 - INFO - Processing: docs\web\databases\database_overview.md - 1 error(s)
2025-07-05 04:51:12 - INFO - Processing: docs\web\php\README.md - 1 error(s)
2025-07-05 04:51:12 - INFO - Processing: docs\web\system_design\load_balancer.md - 2 error(s)
2025-07-05 04:51:12 - INFO - Processing: docs\robotics\advanced_system\13_star_sign_calendar.md - 1 error(s)
2025-07-05 04:51:12 - INFO - Processing: docs\robotics\advanced_system\advanced_abilities.md - 1 error(s)
2025-07-05 04:51:12 - INFO - Processing: docs\robotics\advanced_system\ai_ml_integration.md - 1 error(s)
2025-07-05 04:51:12 - INFO - Processing: docs\robotics\advanced_system\blockchain_integration.md - 2 error(s)
2025-07-05 04:51:12 - INFO - Processing: docs\robotics\advanced_system\comprehensive_domain_implementation_and_future_refinements.md - 2 error(s)
2025-07-05 04:51:12 - INFO - Processing: docs\robotics\advanced_system\emotional_intelligence.md - 1 error(s)
2025-07-05 04:51:12 - INFO - Processing: docs\robotics\advanced_system\energy_management.md - 1 error(s)
2025-07-05 04:51:12 - INFO - Processing: docs\robotics\advanced_system\molecular_self_healing.md - 1 error(s)
2025-07-05 04:51:12 - INFO - Processing: docs\robotics\advanced_system\multi_energy_harvesting.md - 1 error(s)
2025-07-05 04:51:12 - INFO - Processing: docs\robotics\advanced_system\quantum_drive_and_thought.md - 2 error(s)
2025-07-05 04:51:12 - INFO - Processing: docs\robotics\advanced_system\quantum_temporal_mapping.md - 1 error(s)
2025-07-05 04:51:12 - INFO - Processing: docs\robotics\advanced_system\sanskrit_style_reorganization.md - 1 error(s)
2025-07-05 04:51:12 - INFO - Processing: docs\robotics\advanced_system\self_awareness.md - 1 error(s)
2025-07-05 04:51:12 - INFO - Processing: docs\robotics\advanced_system\self_healing.md - 1 error(s)
2025-07-05 04:51:12 - INFO - Processing: docs\robotics\advanced_system\universal_data_deciphering_and_conspiracy_analysis.md - 2 error(s)
2025-07-05 04:51:12 - INFO - Processing: docs\robotics\perception\vision_systems.md - 1 error(s)
2025-07-05 04:51:12 - INFO - Processing: docs\robotics\advanced_system\control\README.md - 1 error(s)
2025-07-05 04:51:12 - INFO - Processing: docs\robotics\advanced_system\energy\README.md - 1 error(s)
2025-07-05 04:51:12 - INFO - Processing: docs\robotics\advanced_system\perception\depth_estimation.md - 5 error(s)
2025-07-05 04:51:12 - INFO - Processing: docs\robotics\advanced_system\perception\README.md - 2 error(s)
2025-07-05 04:51:12 - INFO - Processing: docs\robotics\advanced_system\security\README.md - 2 error(s)
2025-07-05 04:51:12 - INFO - Processing: docs\robotics\advanced_system\software\README.md - 1 error(s)
2025-07-05 04:51:12 - INFO - Processing: docs\robotics\advanced_system\ui_ux\README.md - 2 error(s)
2025-07-05 04:51:12 - INFO - Processing: docs\machine_learning\audio_recognition\audio_recognition_guide.md - 1 error(s)
2025-07-05 04:51:12 - INFO - Processing: docs\machine_learning\multimodal\unified_recognition_guide.md - 2 error(s)
2025-07-05 04:51:12 - INFO - Processing: docs\machine_learning\workflow\evaluate_performance.md - 1 error(s)
2025-07-05 04:51:12 - INFO - Processing: docs\machine_learning\workflow\hyperparameter_tuning.md - 1 error(s)
2025-07-05 04:51:12 - INFO - Processing: docs\machine_learning\workflow\preprocessing.md - 1 error(s)
2025-07-05 04:51:12 - INFO - Processing: docs\deployment\containerization\README.md - 1 error(s)
2025-07-05 04:51:12 - INFO - Processing: docs\ai\applications\narrow_ai_quantum.md - 2 error(s)
2025-07-05 04:51:12 - INFO - Processing: docs\ai\audio\audio_module_api.md - 2 error(s)
2025-07-05 04:51:12 - INFO - Processing: docs\ai\audio\audio_module_examples.md - 1 error(s)
2025-07-05 04:51:12 - INFO - Processing: docs\ai\emotional_intelligence\EMPATHY_AND_SOCIAL_AWARENESS.md - 5 error(s)
2025-07-05 04:51:12 - INFO - Processing: docs\ai\emotional_intelligence\MEMORY_SYSTEM.md - 2 error(s)
2025-07-05 04:51:12 - INFO - Processing: docs\ai\emotional_intelligence\PYTHON_IMPLEMENTATION.md - 1 error(s)
2025-07-05 04:51:12 - INFO - Processing: docs\ai\emotional_intelligence\SELF_AWARENESS.md - 3 error(s)
2025-07-05 04:51:12 - INFO - Processing: docs\ai\guides\multilingual_understanding.md - 1 error(s)
2025-07-05 04:51:12 - INFO - Processing: docs\ai\guides\multimodal_integration.md - 1 error(s)
2025-07-05 04:51:12 - INFO - Processing: docs\ai\multidisciplinary\integration.md - 1 error(s)
2025-07-05 04:51:12 - INFO - Processing: docs\ai\virtual_brain\02_cognitive_functions.md - 5 error(s)
2025-07-05 04:51:12 - INFO - Processing: docs\ai\virtual_brain\03_python_implementation.md - 1 error(s)
2025-07-05 04:51:12 - INFO - 
=== Summary ===
Total files processed: 63
Files fixed: 9
Files with errors: 0
Files skipped: 54
Total code blocks fixed: 10

2025-07-05 04:51:12 - INFO - ================================================================================
2025-07-05 04:51:12 - INFO - FIXER COMPLETE! Fixed 9 files with 10 code blocks
2025-07-05 04:51:12 - INFO - ================================================================================
2025-07-05 04:51:12 - INFO - Running validation script to verify fixes...
