2025-07-05 17:51:35 - INFO - ================================================================================
2025-07-05 17:51:35 - INFO - TARGETED MANUAL FIXER STARTING
2025-07-05 17:51:35 - INFO - ================================================================================
2025-07-05 17:51:35 - INFO - Starting targeted manual fixer on C:\Users\jpowe\CascadeProjects\github\knowledge-base
2025-07-05 17:51:35 - INFO - Dry run mode: OFF
2025-07-05 17:51:35 - INFO - Processing: C:\Users\jpowe\CascadeProjects\github\knowledge-base\docs\ai\emotional_intelligence\SELF_AWARENESS.md
2025-07-05 17:51:35 - INFO -   - Block: 2, Error: unterminated string literal
2025-07-05 17:51:35 - INFO - Fixed block 2 in C:\Users\jpowe\CascadeProjects\github\knowledge-base\docs\ai\emotional_intelligence\SELF_AWARENESS.md
2025-07-05 17:51:35 - INFO -   - Block: 4, Error: unterminated string literal
2025-07-05 17:51:35 - WARNING - Block 4 not found in C:\Users\jpowe\CascadeProjects\github\knowledge-base\docs\ai\emotional_intelligence\SELF_AWARENESS.md
2025-07-05 17:51:35 - INFO -   - Block: 5, Error: invalid syntax
2025-07-05 17:51:35 - WARNING - Block 5 not found in C:\Users\jpowe\CascadeProjects\github\knowledge-base\docs\ai\emotional_intelligence\SELF_AWARENESS.md
2025-07-05 17:51:35 - INFO - File C:\Users\jpowe\CascadeProjects\github\knowledge-base\docs\ai\emotional_intelligence\SELF_AWARENESS.md updated with 1 fixes
2025-07-05 17:51:35 - INFO - Processing: C:\Users\jpowe\CascadeProjects\github\knowledge-base\docs\ai\guides\multilingual_understanding.md
2025-07-05 17:51:35 - INFO -   - Block: 6, Error: unterminated string literal
2025-07-05 17:51:35 - INFO - Fixed block 6 in C:\Users\jpowe\CascadeProjects\github\knowledge-base\docs\ai\guides\multilingual_understanding.md
2025-07-05 17:51:35 - INFO - File C:\Users\jpowe\CascadeProjects\github\knowledge-base\docs\ai\guides\multilingual_understanding.md updated with 1 fixes
2025-07-05 17:51:35 - INFO - Processing: C:\Users\jpowe\CascadeProjects\github\knowledge-base\docs\ai\guides\multimodal_integration.md
2025-07-05 17:51:35 - INFO -   - Block: 2, Error: invalid syntax
2025-07-05 17:51:35 - INFO - No changes needed for block 2 in C:\Users\jpowe\CascadeProjects\github\knowledge-base\docs\ai\guides\multimodal_integration.md
2025-07-05 17:51:35 - INFO -   - Block: 5, Error: invalid syntax
2025-07-05 17:51:35 - WARNING - Block 5 not found in C:\Users\jpowe\CascadeProjects\github\knowledge-base\docs\ai\guides\multimodal_integration.md
2025-07-05 17:51:35 - INFO - No blocks fixed in C:\Users\jpowe\CascadeProjects\github\knowledge-base\docs\ai\guides\multimodal_integration.md
2025-07-05 17:51:35 - INFO - Processing: C:\Users\jpowe\CascadeProjects\github\knowledge-base\docs\ai\multidisciplinary\integration.md
2025-07-05 17:51:35 - INFO -   - Block: 1, Error: invalid syntax
2025-07-05 17:51:35 - INFO - No changes needed for block 1 in C:\Users\jpowe\CascadeProjects\github\knowledge-base\docs\ai\multidisciplinary\integration.md
2025-07-05 17:51:35 - INFO - No blocks fixed in C:\Users\jpowe\CascadeProjects\github\knowledge-base\docs\ai\multidisciplinary\integration.md
2025-07-05 17:51:35 - INFO - Processing: C:\Users\jpowe\CascadeProjects\github\knowledge-base\docs\ai\virtual_brain\02_cognitive_functions.md
2025-07-05 17:51:35 - INFO -   - Block: 1, Error: invalid syntax
2025-07-05 17:51:35 - INFO - No changes needed for block 1 in C:\Users\jpowe\CascadeProjects\github\knowledge-base\docs\ai\virtual_brain\02_cognitive_functions.md
2025-07-05 17:51:35 - INFO -   - Block: 2, Error: invalid syntax
2025-07-05 17:51:35 - INFO - No changes needed for block 2 in C:\Users\jpowe\CascadeProjects\github\knowledge-base\docs\ai\virtual_brain\02_cognitive_functions.md
2025-07-05 17:51:35 - INFO -   - Block: 3, Error: invalid syntax
2025-07-05 17:51:35 - INFO - No changes needed for block 3 in C:\Users\jpowe\CascadeProjects\github\knowledge-base\docs\ai\virtual_brain\02_cognitive_functions.md
2025-07-05 17:51:35 - INFO -   - Block: 4, Error: invalid syntax
2025-07-05 17:51:35 - WARNING - Block 4 not found in C:\Users\jpowe\CascadeProjects\github\knowledge-base\docs\ai\virtual_brain\02_cognitive_functions.md
2025-07-05 17:51:35 - INFO -   - Block: 5, Error: invalid syntax
2025-07-05 17:51:35 - WARNING - Block 5 not found in C:\Users\jpowe\CascadeProjects\github\knowledge-base\docs\ai\virtual_brain\02_cognitive_functions.md
2025-07-05 17:51:35 - INFO - No blocks fixed in C:\Users\jpowe\CascadeProjects\github\knowledge-base\docs\ai\virtual_brain\02_cognitive_functions.md
2025-07-05 17:51:35 - INFO - Processing: C:\Users\jpowe\CascadeProjects\github\knowledge-base\docs\ai\virtual_brain\03_python_implementation.md
2025-07-05 17:51:35 - INFO -   - Block: 1, Error: invalid syntax
2025-07-05 17:51:35 - INFO - No changes needed for block 1 in C:\Users\jpowe\CascadeProjects\github\knowledge-base\docs\ai\virtual_brain\03_python_implementation.md
2025-07-05 17:51:35 - INFO - No blocks fixed in C:\Users\jpowe\CascadeProjects\github\knowledge-base\docs\ai\virtual_brain\03_python_implementation.md
2025-07-05 17:51:35 - INFO - 
=== Summary ===
Files with known issues: 6
Files fixed: 2
Files with errors: 0
Files skipped: 15
Total code blocks fixed: 2

2025-07-05 17:51:35 - INFO - ================================================================================
2025-07-05 17:51:35 - INFO - TARGETED MANUAL FIXER COMPLETE! Fixed 2 files with 2 code blocks
2025-07-05 17:51:35 - INFO - ================================================================================
2025-07-05 17:51:35 - INFO - Running validation script to verify fixes...
