=== Documentation Auto-Fix Script Starting ===

Looking for validation log at: F:\github\knowledge-base\validation_results.log
Log file found: 64165 bytes
Parsing validation log file...
Found 516 total error lines
Organized errors for 1 files
Starting automatic documentation fixes...

Fixing missing front matter fields...

Fixing code block syntax errors...

Fixing broken links...
Found 227 broken links in F
  - Created stub for: F:\github\ai\improvements_module.md
  - Created stub for: F:\github\ai\emotional_intelligence\ADVANCED_IMPROVEMENTS.md
  - Created stub for: F:\github\ai\guides\multimodal_integration.md
  - Created stub for: F:\github\blockchain\3d_blockchain.md
  - Created stub for: F:\github\robotics\advanced_system\README.md
  - Created stub for: F:\github\knowledge-base\deployment.md
  - Created stub for: F:\github\knowledge-base\robotics\advanced_system\simulation.md
  - Created stub for: F:\github\knowledge-base\robotics\advanced_system\industry4.0.md
  - Created stub for: F:\src\ai\improvements_module.md
  - Created stub for: F:\src\ai\emotional_intelligence.md
  - Created stub for: F:\advanced_emotional_ai.md
  - Created stub for: F:\github\guides\multimodal_integration.md
  - Created stub for: F:\github\knowledge_representation.md
  - Created stub for: F:\github\nlp_ml.md
  - Created stub for: F:\github\ethics_explainability.md
  - Created stub for: F:\github\knowledge-base\guides\performance_tuning.md
  - Created stub for: F:\github\knowledge-base\tools\benchmarking
  - Created stub for: F:\github\knowledge-base\security\deployment.md
  - Created stub for: F:\github\knowledge-base\security\access_control.md
  - Created stub for: F:\github\CONTRIBUTING.md
  - Created stub for: F:\github\LICENSE
  - Created stub for: F:\github\README.md
  - Created stub for: F:\github\README.md
  - Created stub for: F:\github\knowledge-base\fea_analysis.md
  - Created stub for: F:\github\knowledge-base\fea_analysis.md
  - Created stub for: F:\github\manufacturing\3d_printing_export.md
  - Created stub for: F:\github\knowledge-base\fea_analysis.md
  - Created stub for: F:\github\manufacturing\3d_printing_export.md
  - Created stub for: F:\github\knowledge-base\openscad_automation.md
  - Created stub for: F:\github\knowledge-base\3d_model_generation.md
  - Created stub for: F:\github\knowledge-base\fea_analysis.md
  - Created stub for: F:\github\knowledge-base\genetic_algorithm_optimization.md
  - Created stub for: F:\github\knowledge-base\neural_network_predictions.md
  - Created stub for: F:\github\knowledge-base\gan_design_generation.md
  - Created stub for: F:\github\knowledge-base\3d_printing_export.md
  - Created stub for: F:\github\knowledge-base\cnc_machining_export.md
  - Created stub for: F:\github\knowledge-base\iot_manufacturing.md
  - Created stub for: F:\github\knowledge-base\advanced_physics.md
  - Created stub for: F:\github\knowledge-base\multi_material_design.md
  - Created stub for: F:\github\knowledge-base\generative_design.md
  - Created stub for: F:\github\system_design.md
  - Created stub for: F:\github\README.md
  - Created stub for: F:\github\knowledge-base\platforms\README.md
  - Created stub for: F:\github\knowledge-base\ci_cd\README.md
  - Created stub for: F:\github\knowledge-base\iac\README.md
  - Created stub for: F:\github\knowledge-base\mlops\README.md
  - Created stub for: F:\github\knowledge-base\security\README.md
  - Created stub for: F:\github\knowledge-base\environment.md
  - Created stub for: F:\github\knowledge-base\TROUBLESHOOTING.md
  - Created stub for: F:\github\CONTRIBUTING.md
  - Created stub for: F:\github\LICENSE
  - Created stub for: F:\github\README.md
  - Created stub for: F:\github\knowledge-base\device_management\registration.md
  - Created stub for: F:\github\knowledge-base\device_management\discovery.md
  - Created stub for: F:\github\knowledge-base\device_management\monitoring.md
  - Created stub for: F:\github\knowledge-base\device_management\configuration.md
  - Created stub for: F:\github\knowledge-base\device_management\firmware.md
  - Created stub for: F:\github\knowledge-base\protocols\mqtt.md
  - Created stub for: F:\github\knowledge-base\protocols\coap.md
  - Created stub for: F:\github\knowledge-base\protocols\http.md
  - Created stub for: F:\github\knowledge-base\protocols\websockets.md
  - Created stub for: F:\github\knowledge-base\protocols\amqp.md
  - Created stub for: F:\github\knowledge-base\sensors\types.md
  - Created stub for: F:\github\knowledge-base\sensors\data_collection.md
  - Created stub for: F:\github\knowledge-base\sensors\calibration.md
  - Created stub for: F:\github\knowledge-base\sensors\validation.md
  - Created stub for: F:\github\knowledge-base\sensors\fusion.md
  - Created stub for: F:\github\knowledge-base\security\authentication.md
  - Created stub for: F:\github\knowledge-base\security\authorization.md
  - Created stub for: F:\github\knowledge-base\security\encryption.md
  - Created stub for: F:\github\knowledge-base\security\key_management.md
  - Created stub for: F:\github\knowledge-base\security\secure_boot.md
  - Created stub for: F:\github\knowledge-base\security\intrusion_detection.md
  - Created stub for: F:\github\knowledge-base\edge_computing\processing.md
  - Created stub for: F:\github\knowledge-base\edge_computing\analytics.md
  - Created stub for: F:\github\knowledge-base\edge_computing\storage.md
  - Created stub for: F:\github\knowledge-base\edge_computing\synchronization.md
  - Created stub for: F:\github\knowledge-base\edge_computing\resource_management.md
  - Created stub for: F:\github\knowledge-base\troubleshooting.md
  - Created stub for: F:\github\knowledge-base\troubleshooting.md
  - Created stub for: F:\github\knowledge-base\troubleshooting.md
  - Created stub for: F:\github\knowledge-base\troubleshooting.md
  - Created stub for: F:\github\knowledge-base\troubleshooting.md
  - Created stub for: F:\github\knowledge-base\references\security_standards.md
  - Created stub for: F:\github\knowledge-base\references\protocol_specs.md
  - Created stub for: F:\github\knowledge-base\references\data_formats.md
  - Created stub for: F:\github\knowledge-base\references\edge_computing.md
  - Created stub for: F:\github\knowledge-base\references\device_management.md
  - Created stub for: F:\github\knowledge-base\contributing\setup.md
  - Created stub for: F:\github\knowledge-base\contributing\testing.md
  - Created stub for: F:\github\knowledge-base\contributing\documentation.md
  - Created stub for: F:\github\knowledge-base\contributing\style_guide.md
  - Created stub for: F:\github\knowledge-base\contributing\pull_requests.md
  - Created stub for: F:\github\knowledge-base\web3.md
  - Created stub for: F:\github\knowledge-base\qiskit.md
  - Created stub for: F:\github\knowledge-base\scapy.md
  - Created stub for: F:\github\knowledge-base\fairlearn.md
  - Created stub for: F:\github\knowledge-base\keras-rl2.md
  - Created stub for: F:\github\knowledge-base\native\ios.md
  - Created stub for: F:\github\knowledge-base\native\android.md
  - Created stub for: F:\github\knowledge-base\cross-platform\react-native.md
  - Created stub for: F:\github\knowledge-base\cross-platform\flutter.md
  - Created stub for: F:\github\knowledge-base\ui-ux\design-principles.md
  - Created stub for: F:\github\knowledge-base\ui-ux\component-library.md
  - Created stub for: F:\github\knowledge-base\ui-ux\accessibility.md
  - Created stub for: F:\github\knowledge-base\performance\optimization.md
  - Created stub for: F:\github\knowledge-base\performance\offline-support.md
  - Created stub for: F:\github\knowledge-base\performance\memory-management.md
  - Created stub for: F:\github\knowledge-base\security\authentication.md
  - Created stub for: F:\github\knowledge-base\security\encryption.md
  - Created stub for: F:\github\knowledge-base\security\secure-storage.md
  - Created stub for: F:\github\knowledge-base\troubleshooting.md
  - Created stub for: F:\github\knowledge-base\troubleshooting.md
  - Created stub for: F:\github\knowledge-base\troubleshooting.md
  - Created stub for: F:\github\knowledge-base\troubleshooting.md
  - Created stub for: F:\github\knowledge-base\examples\knowledge-browser.md
  - Created stub for: F:\github\knowledge-base\examples\multimodal-capture.md
  - Created stub for: F:\github\knowledge-base\examples\offline-viewer.md
  - Created stub for: F:\github\knowledge-base\references\standards.md
  - Created stub for: F:\github\knowledge-base\references\api-docs.md
  - Created stub for: F:\github\knowledge-base\references\component-library.md
  - Created stub for: F:\github\knowledge-base\references\backend-integration.md
  - Created stub for: F:\github\knowledge-base\contributing\development-setup.md
  - Created stub for: F:\github\knowledge-base\contributing\coding-standards.md
  - Created stub for: F:\github\knowledge-base\contributing\testing.md
  - Created stub for: F:\github\knowledge-base\contributing\documentation.md
  - Created stub for: F:\github\knowledge-base\perception\README.md
  - Created stub for: F:\github\knowledge-base\movement\README.md
  - Created stub for: F:\github\knowledge-base\ai\README.md
  - Created stub for: F:\github\knowledge-base\safety_ethics.md
  - Created stub for: F:\github\knowledge-base\integration.md
  - Created stub for: F:\github\knowledge-base\development.md
  - Created stub for: F:\github\knowledge-base\development.md
  - Created stub for: F:\github\knowledge-base\specs
  - Created stub for: F:\github\knowledge-base\api
  - Created stub for: F:\github\knowledge-base\TROUBLESHOOTING.md
  - Created stub for: F:\github\knowledge-base\FAQ.md
  - Created stub for: F:\github\knowledge-base\CONTRIBUTING.md
  - Created stub for: F:\github\security\authentication.md
  - Created stub for: F:\github\knowledge-base\api_gateway.md
  - Created stub for: F:\github\security\authentication.md
  - Created stub for: F:\github\performance\denormalization.md
  - Created stub for: F:\github\knowledge-base\proxy.md
  - Created stub for: F:\github\knowledge-base\proxy.md
  - Created stub for: F:\github\knowledge-base\proxy.md
  - Created stub for: F:\github\knowledge-base\references\php_standards.md
  - Created stub for: F:\github\knowledge-base\references\api_reference.md
  - Created stub for: F:\github\knowledge-base\references\template_guide.md
  - Created stub for: F:\github\knowledge-base\references\performance_guide.md
  - Created stub for: F:\github\knowledge-base\references\security_guide.md
  - Created stub for: F:\github\knowledge-base\contributing\setup.md
  - Created stub for: F:\github\knowledge-base\contributing\standards.md
  - Created stub for: F:\github\knowledge-base\contributing\testing.md
  - Created stub for: F:\github\knowledge-base\contributing\documentation.md
  - Created stub for: F:\github\knowledge-base\contributing\pull_requests.md
  - Created stub for: F:\github\security\security.md
  - Created stub for: F:\github\performance\denormalization.md
  - Created stub for: F:\github\security\security.md
  - Created stub for: F:\github\performance\denormalization.md
  - Created stub for: F:\github\security\security.md
  - Created stub for: F:\github\security\security.md
  - Created stub for: F:\github\ai_system_enhancements.md
  - Created stub for: F:\github\development.md
  - Created stub for: F:\github\examples\README.md
  - Created stub for: F:\github\ai_system_enhancements.md
  - Created stub for: F:\github\knowledge-base\testing\README.md
  - Created stub for: F:\hardware\sensors.md
  - Created stub for: F:\ai\guides\robotics_ai_algorithms.md
  - Created stub for: F:\ai\guides\robotics_movement.md
  - Created stub for: F:\ai\audio\README.md
  - Created stub for: F:\github\knowledge-base\networking\README.md
  - Created stub for: F:\github\knowledge-base\ai\README.md
  - Created stub for: F:\github\knowledge-base\safety_ethics\README.md
  - Created stub for: F:\github\knowledge-base\deployment\README.md
  - Created stub for: F:\github\knowledge-base\deployment\README.md
  - Created stub for: F:\github\knowledge-base\TROUBLESHOOTING.md
  - Created stub for: F:\github\knowledge-base\advanced_system.md
  - Created stub for: F:\github\ai_system_enhancements.md
  - Created stub for: F:\ai\multidisciplinary\philosophy.md
  - Created stub for: F:\github\knowledge-base\testing\README.md
  - Created stub for: F:\github\knowledge-base\testing\README.md
  - Created stub for: F:\github\ai_system_enhancements.md
  - Created stub for: F:\github\human_robot_interaction.md
  - Created stub for: F:\github\control\README.md
  - Created stub for: F:\github\testing.md
  - Created stub for: F:\github\testing\README.md
  - Created stub for: F:\github\vision_recognition\vision_recognition_guide.md
  - Created stub for: F:\github\training\training_guide.md
  - Created stub for: F:\github\knowledge-base\deployment.md
  - Created stub for: F:\github\knowledge-base\deployment.md
  - Created stub for: F:\github\knowledge-base\LICENSE
  - Created stub for: F:\api\audio_recognition_api.md
  - Created stub for: F:\advanced_emotional_ai.md
  - Created stub for: F:\advanced_emotional_ai.md
  - Created stub for: F:\advanced_emotional_ai.md
  - Created stub for: F:\advanced_emotional_ai.md
  - Created stub for: F:\advanced_emotional_ai.md
  - Created stub for: F:\advanced_emotional_ai.md
  - Created stub for: F:\advanced_emotional_ai.md
  - Created stub for: F:\advanced_emotional_ai.md
  - Created stub for: F:\advanced_emotional_ai.md
  - Created stub for: F:\examples\emotional_intelligence
  - Created stub for: F:\examples\emotional_intelligence\demo_emotional_ai.md
  - Created stub for: F:\examples\emotional_intelligence\demo_emotional_ai.md
  - Created stub for: F:\examples\emotional_intelligence\demo_emotional_ai.md
  - Created stub for: F:\github\knowledge-base\CONTRIBUTING.md
  - Created stub for: F:\github\knowledge-base\LICENSE
  - Created stub for: F:\audio\README.md
  - Created stub for: F:\machine_learning\workflow\deployment.md
  - Created stub for: F:\src\multidisciplinary_ai\biology.md
  - Created stub for: F:\github\ai\guides\quantum_circuit_optimization.md
  - Created stub for: F:\src\multidisciplinary_ai\cosmology.md
  - Created stub for: F:\src\multidisciplinary_ai\cosmology\cosmology_model.md
  - Created stub for: F:\src\multidisciplinary_ai\philosophy.md
  - Created stub for: F:\src\multidisciplinary_ai\psychology.md
  - Created stub for: F:\github\knowledge-base\psychology\README.md
  - Created stub for: F:\github\knowledge-base\philosophy\README.md
  - Created stub for: F:\github\knowledge-base\sociology\README.md
  - Created stub for: F:\github\knowledge-base\biology\README.md
  - Created stub for: F:\github\knowledge-base\cosmology\README.md
  - Created stub for: F:\examples\multidisciplinary
  - Created stub for: F:\CONTRIBUTING.md
  - Created stub for: F:\src\multidisciplinary_ai\sociology.md
  - Created stub for: F:\github\ai\guides\multimodal_integration.md
  - Created stub for: F:\audio\audio_recognition.md
  - Created stub for: F:\iot\sensors.md
  - Created stub for: F:\mobile\vision_apps.md
Fixed 227 broken links total

Fixes applied to 0 files:
